2025-03-06 10:03:02 INFO Running runs: []
2025-03-06 10:03:03 INFO Agent received command: run
2025-03-06 10:03:03 INFO Agent starting run with config:
	activation_function: sigmoid
	batch_size: 128
	initialisation: random
	learning_rate: 0.001
	number_of_epochs: 5
	number_of_hidden_layers: 3
	size_of_every_hidden_layer: 128
2025-03-06 10:03:03 INFO About to run command: python  --activation_function=sigmoid --batch_size=128 --initialisation=random --learning_rate=0.001 --number_of_epochs=5 --number_of_hidden_layers=3 --size_of_every_hidden_layer=128
2025-03-06 10:03:08 INFO Running runs: ['zxhnox9x']
2025-03-06 10:03:08 INFO Cleaning up finished run: zxhnox9x
2025-03-06 10:03:14 INFO Running runs: []
2025-03-06 10:15:56 INFO Running runs: []
2025-03-06 10:15:56 INFO Agent received command: run
2025-03-06 10:15:56 INFO Agent starting run with config:
	activation_function: sigmoid
	batch_size: 128
	initialisation: random
	learning_rate: 0.001
	number_of_epochs: 5
	number_of_hidden_layers: 3
	size_of_every_hidden_layer: 128
2025-03-06 10:15:56 INFO About to run command: python  --activation_function=sigmoid --batch_size=128 --initialisation=random --learning_rate=0.001 --number_of_epochs=5 --number_of_hidden_layers=3 --size_of_every_hidden_layer=128
2025-03-06 10:16:01 INFO Running runs: ['4iecq76b']
2025-03-06 10:16:01 INFO Cleaning up finished run: 4iecq76b
2025-03-06 10:16:07 INFO Running runs: []
2025-03-06 10:24:15 INFO Running runs: []
2025-03-06 10:24:15 INFO Agent received command: run
2025-03-06 10:24:15 INFO Agent starting run with config:
	activation_function: sigmoid
	batch_size: 128
	initialisation: random
	learning_rate: 0.001
	number_of_epochs: 5
	number_of_hidden_layers: 3
	size_of_every_hidden_layer: 128
2025-03-06 10:24:15 INFO About to run command: python  --activation_function=sigmoid --batch_size=128 --initialisation=random --learning_rate=0.001 --number_of_epochs=5 --number_of_hidden_layers=3 --size_of_every_hidden_layer=128
2025-03-06 10:24:20 INFO Running runs: ['898e37ki']
2025-03-06 10:24:20 INFO Cleaning up finished run: 898e37ki
2025-03-06 10:24:26 INFO Running runs: []
2025-03-06 11:38:45 ERROR 400 response executing GraphQL.
2025-03-06 11:38:45 ERROR {"errors":[{"message":"name required for project query","path":["project"]}],"data":{"project":null}}
2025-03-06 11:38:45 ERROR Traceback (most recent call last):
  File "C:\Users\shrey\AppData\Roaming\Python\Python311\site-packages\wandb\apis\normalize.py", line 25, in wrapper
    return func(*args, **kwargs)
           ^^^^^^^^^^^^^^^^^^^^^
  File "C:\Users\shrey\AppData\Roaming\Python\Python311\site-packages\wandb\sdk\internal\internal_api.py", line 1129, in sweep
    response = self.gql(
               ^^^^^^^^^
  File "C:\Users\shrey\AppData\Roaming\Python\Python311\site-packages\wandb\sdk\internal\internal_api.py", line 370, in gql
    ret = self._retry_gql(
          ^^^^^^^^^^^^^^^^
  File "C:\Users\shrey\AppData\Roaming\Python\Python311\site-packages\wandb\sdk\lib\retry.py", line 134, in __call__
    result = self._call_fn(*args, **kwargs)
             ^^^^^^^^^^^^^^^^^^^^^^^^^^^^^^
  File "C:\Users\shrey\AppData\Roaming\Python\Python311\site-packages\wandb\sdk\internal\internal_api.py", line 398, in execute
    return self.client.execute(*args, **kwargs)  # type: ignore
           ^^^^^^^^^^^^^^^^^^^^^^^^^^^^^^^^^^^^
  File "C:\Users\shrey\AppData\Roaming\Python\Python311\site-packages\wandb\vendor\gql-0.2.0\wandb_gql\client.py", line 52, in execute
    result = self._get_result(document, *args, **kwargs)
             ^^^^^^^^^^^^^^^^^^^^^^^^^^^^^^^^^^^^^^^^^^^
  File "C:\Users\shrey\AppData\Roaming\Python\Python311\site-packages\wandb\vendor\gql-0.2.0\wandb_gql\client.py", line 60, in _get_result
    return self.transport.execute(document, *args, **kwargs)
           ^^^^^^^^^^^^^^^^^^^^^^^^^^^^^^^^^^^^^^^^^^^^^^^^^
  File "C:\Users\shrey\AppData\Roaming\Python\Python311\site-packages\wandb\sdk\lib\gql_request.py", line 59, in execute
    request.raise_for_status()
  File "C:\Users\shrey\AppData\Roaming\Python\Python311\site-packages\requests\models.py", line 1024, in raise_for_status
    raise HTTPError(http_error_msg, response=self)
requests.exceptions.HTTPError: 400 Client Error: Bad Request for url: https://api.wandb.ai/graphql

During handling of the above exception, another exception occurred:

Traceback (most recent call last):
  File "C:\Users\shrey\AppData\Roaming\Python\Python311\site-packages\wandb\cli\cli.py", line 104, in wrapper
    return func(*args, **kwargs)
           ^^^^^^^^^^^^^^^^^^^^^
  File "C:\Users\shrey\AppData\Roaming\Python\Python311\site-packages\wandb\cli\cli.py", line 1676, in agent
    wandb_agent.agent(sweep_id, entity=entity, project=project, count=count)
  File "C:\Users\shrey\AppData\Roaming\Python\Python311\site-packages\wandb\wandb_agent.py", line 567, in agent
    return run_agent(
           ^^^^^^^^^^
  File "C:\Users\shrey\AppData\Roaming\Python\Python311\site-packages\wandb\wandb_agent.py", line 526, in run_agent
    agent.run()
  File "C:\Users\shrey\AppData\Roaming\Python\Python311\site-packages\wandb\wandb_agent.py", line 193, in run
    sweep_obj = self._api.sweep(self._sweep_id, "{}")
                ^^^^^^^^^^^^^^^^^^^^^^^^^^^^^^^^^^^^^
  File "C:\Users\shrey\AppData\Roaming\Python\Python311\site-packages\wandb\apis\internal.py", line 134, in sweep
    return self.api.sweep(*args, **kwargs)
           ^^^^^^^^^^^^^^^^^^^^^^^^^^^^^^^
  File "C:\Users\shrey\AppData\Roaming\Python\Python311\site-packages\wandb\apis\normalize.py", line 42, in wrapper
    raise CommError(message, error)
wandb.errors.errors.CommError: HTTP 400: name required for project query

2025-03-06 11:39:10 INFO Running runs: []
2025-03-06 11:39:10 INFO Agent received command: run
2025-03-06 11:39:10 INFO Agent starting run with config:
	activation_function: sigmoid
	batch_size: 128
	initialisation: random
	learning_rate: 0.001
	number_of_epochs: 5
	number_of_hidden_layers: 3
	size_of_every_hidden_layer: 128
2025-03-06 11:39:10 INFO About to run command: python  --activation_function=sigmoid --batch_size=128 --initialisation=random --learning_rate=0.001 --number_of_epochs=5 --number_of_hidden_layers=3 --size_of_every_hidden_layer=128
2025-03-06 11:39:15 INFO Running runs: ['1zhpge38']
2025-03-06 11:39:15 INFO Cleaning up finished run: 1zhpge38
2025-03-06 11:39:21 INFO Running runs: []
2025-03-06 11:39:57 ERROR Traceback (most recent call last):
  File "C:\Users\shrey\AppData\Roaming\Python\Python311\site-packages\wandb\apis\normalize.py", line 25, in wrapper
    return func(*args, **kwargs)
           ^^^^^^^^^^^^^^^^^^^^^
  File "C:\Users\shrey\AppData\Roaming\Python\Python311\site-packages\wandb\sdk\internal\internal_api.py", line 1139, in sweep
    raise ValueError(f"Sweep {entity}/{project}/{sweep} not found")
ValueError: Sweep me21b138-indian-institute-of-technology-madras/my-awesome-project/1gkorabp not found

During handling of the above exception, another exception occurred:

Traceback (most recent call last):
  File "C:\Users\shrey\AppData\Roaming\Python\Python311\site-packages\wandb\cli\cli.py", line 104, in wrapper
    return func(*args, **kwargs)
           ^^^^^^^^^^^^^^^^^^^^^
  File "C:\Users\shrey\AppData\Roaming\Python\Python311\site-packages\wandb\cli\cli.py", line 1676, in agent
    wandb_agent.agent(sweep_id, entity=entity, project=project, count=count)
  File "C:\Users\shrey\AppData\Roaming\Python\Python311\site-packages\wandb\wandb_agent.py", line 567, in agent
    return run_agent(
           ^^^^^^^^^^
  File "C:\Users\shrey\AppData\Roaming\Python\Python311\site-packages\wandb\wandb_agent.py", line 526, in run_agent
    agent.run()
  File "C:\Users\shrey\AppData\Roaming\Python\Python311\site-packages\wandb\wandb_agent.py", line 193, in run
    sweep_obj = self._api.sweep(self._sweep_id, "{}")
                ^^^^^^^^^^^^^^^^^^^^^^^^^^^^^^^^^^^^^
  File "C:\Users\shrey\AppData\Roaming\Python\Python311\site-packages\wandb\apis\internal.py", line 134, in sweep
    return self.api.sweep(*args, **kwargs)
           ^^^^^^^^^^^^^^^^^^^^^^^^^^^^^^^
  File "C:\Users\shrey\AppData\Roaming\Python\Python311\site-packages\wandb\apis\normalize.py", line 79, in wrapper
    raise CommError(message, err).with_traceback(sys.exc_info()[2])
  File "C:\Users\shrey\AppData\Roaming\Python\Python311\site-packages\wandb\apis\normalize.py", line 25, in wrapper
    return func(*args, **kwargs)
           ^^^^^^^^^^^^^^^^^^^^^
  File "C:\Users\shrey\AppData\Roaming\Python\Python311\site-packages\wandb\sdk\internal\internal_api.py", line 1139, in sweep
    raise ValueError(f"Sweep {entity}/{project}/{sweep} not found")
wandb.errors.errors.CommError: Sweep me21b138-indian-institute-of-technology-madras/my-awesome-project/1gkorabp not found

2025-03-06 11:40:13 INFO Running runs: []
2025-03-06 11:44:26 INFO Running runs: []
2025-03-06 11:44:27 INFO Agent received command: run
2025-03-06 11:44:27 INFO Agent starting run with config:
	activation_function: sigmoid
	batch_size: 128
	initialisation: random
	learning_rate: 0.001
	number_of_epochs: 5
	number_of_hidden_layers: 3
	size_of_every_hidden_layer: 128
2025-03-06 11:44:27 INFO About to run command: python  --activation_function=sigmoid --batch_size=128 --initialisation=random --learning_rate=0.001 --number_of_epochs=5 --number_of_hidden_layers=3 --size_of_every_hidden_layer=128
2025-03-06 11:44:32 INFO Running runs: ['xj7rindb']
2025-03-06 11:44:32 INFO Cleaning up finished run: xj7rindb
2025-03-06 11:44:38 INFO Running runs: []
2025-03-06 11:50:46 INFO Running runs: []
2025-03-06 11:50:46 INFO Agent received command: run
2025-03-06 11:50:46 INFO Agent starting run with config:
	activation_function: sigmoid
	batch_size: 128
	initialisation: random
	learning_rate: 0.001
	number_of_epochs: 5
	number_of_hidden_layers: 3
	size_of_every_hidden_layer: 128
2025-03-06 11:50:46 INFO About to run command: python  --activation_function=sigmoid --batch_size=128 --initialisation=random --learning_rate=0.001 --number_of_epochs=5 --number_of_hidden_layers=3 --size_of_every_hidden_layer=128
2025-03-06 11:50:51 INFO Running runs: ['toee7u5c']
2025-03-06 11:50:51 INFO Cleaning up finished run: toee7u5c
2025-03-06 11:50:57 INFO Running runs: []
2025-03-06 11:56:22 INFO Running runs: []
2025-03-06 11:56:22 INFO Agent received command: run
2025-03-06 11:56:22 INFO Agent starting run with config:
	activation_function: sigmoid
	batch_size: 128
	initialisation: random
	learning_rate: 0.001
	number_of_epochs: 5
	number_of_hidden_layers: 3
	size_of_every_hidden_layer: 128
2025-03-06 11:56:22 INFO About to run command: python main.py
2025-03-06 11:56:27 INFO Running runs: ['68mf7kgb']
2025-03-06 11:56:38 INFO Cleaning up finished run: 68mf7kgb
2025-03-06 11:56:43 INFO Running runs: []
2025-03-06 12:01:32 INFO Running runs: []
2025-03-06 12:01:32 INFO Agent received command: run
2025-03-06 12:01:32 INFO Agent starting run with config:
	activation_function: sigmoid
	batch_size: 128
	initialisation: random
	learning_rate: 0.001
	number_of_epochs: 5
	number_of_hidden_layers: 3
	size_of_every_hidden_layer: 128
2025-03-06 12:01:32 INFO About to run command: python main.py
2025-03-06 12:01:37 INFO Running runs: ['r164bfmc']
2025-03-06 12:01:48 INFO Cleaning up finished run: r164bfmc
2025-03-06 12:01:54 INFO Running runs: []
2025-03-06 12:04:44 INFO Running runs: []
2025-03-06 12:04:44 INFO Agent received command: run
2025-03-06 12:04:44 INFO Agent starting run with config:
	activation_function: sigmoid
	batch_size: 128
	initialisation: random
	learning_rate: 0.001
	number_of_epochs: 5
	number_of_hidden_layers: 3
	size_of_every_hidden_layer: 128
2025-03-06 12:04:44 INFO About to run command: python "main.py --wandb_entity me21b138-indian-institute-of-technology-madras --wandb_project my-awesome-project"
2025-03-06 12:04:49 INFO Running runs: ['ryc7kc1x']
2025-03-06 12:04:49 INFO Cleaning up finished run: ryc7kc1x
2025-03-06 12:04:55 INFO Running runs: []
2025-03-06 12:06:55 INFO Running runs: []
2025-03-06 12:06:56 INFO Agent received command: run
2025-03-06 12:06:56 INFO Agent starting run with config:
	activation_function: sigmoid
	batch_size: 128
	initialisation: random
	learning_rate: 0.001
	number_of_epochs: 5
	number_of_hidden_layers: 3
	size_of_every_hidden_layer: 128
2025-03-06 12:06:56 INFO About to run command: python main.py "--wandb_entity me21b138-indian-institute-of-technology-madras --wandb_project my-awesome-project"
2025-03-06 12:07:01 INFO Running runs: ['dugsstk5']
2025-03-06 12:07:17 INFO Cleaning up finished run: dugsstk5
2025-03-06 12:07:23 INFO Running runs: []
2025-03-06 12:10:47 INFO Running runs: []
2025-03-06 12:10:47 INFO Agent received command: run
2025-03-06 12:10:47 INFO Agent starting run with config:
	activation_function: sigmoid
	batch_size: 128
	initialisation: random
	learning_rate: 0.001
	number_of_epochs: 5
	number_of_hidden_layers: 3
	size_of_every_hidden_layer: 128
2025-03-06 12:10:47 INFO About to run command: python main.py
2025-03-06 12:10:52 INFO Running runs: ['kushygzp']
2025-03-06 12:11:09 INFO Cleaning up finished run: kushygzp
2025-03-06 12:11:14 INFO Running runs: []
2025-03-06 12:13:58 INFO Running runs: []
2025-03-06 12:13:59 INFO Agent received command: run
2025-03-06 12:13:59 INFO Agent starting run with config:
	activation_function: sigmoid
	batch_size: 128
	initialisation: random
	learning_rate: 0.001
	number_of_epochs: 5
	number_of_hidden_layers: 3
	size_of_every_hidden_layer: 128
2025-03-06 12:13:59 INFO About to run command: python main.py --wandb_entity me21b138-indian-institute-of-technology-madras --wandb_project my-awesome-project
2025-03-06 12:14:04 INFO Running runs: ['nvp0lt1m']
2025-03-06 12:25:22 INFO Running runs: []
2025-03-06 12:25:22 INFO Agent received command: run
2025-03-06 12:25:22 INFO Agent starting run with config:
	activation_function: sigmoid
	batch_size: 128
	initialisation: random
	learning_rate: 0.001
	number_of_epochs: 5
	number_of_hidden_layers: 3
	size_of_every_hidden_layer: 128
2025-03-06 12:25:22 INFO About to run command: python main.py
2025-03-06 12:25:27 INFO Running runs: ['f50a6cj8']
2025-03-06 12:27:38 INFO Running runs: []
2025-03-06 12:27:39 INFO Agent received command: run
2025-03-06 12:27:39 INFO Agent starting run with config:
	activation_function: sigmoid
	batch_size: 128
	initialisation: random
	learning_rate: 0.001
	number_of_epochs: 5
	number_of_hidden_layers: 3
	size_of_every_hidden_layer: 128
2025-03-06 12:27:39 INFO About to run command: python  --activation_function=sigmoid --batch_size=128 --initialisation=random --learning_rate=0.001 --number_of_epochs=5 --number_of_hidden_layers=3 --size_of_every_hidden_layer=128
2025-03-06 12:27:44 INFO Running runs: ['4nn99oag']
2025-03-06 12:27:44 INFO Cleaning up finished run: 4nn99oag
2025-03-06 12:27:50 INFO Running runs: []
2025-03-06 12:29:34 INFO Running runs: []
2025-03-06 12:29:35 INFO Agent received command: run
2025-03-06 12:29:35 INFO Agent starting run with config:
	activation_function: sigmoid
	batch_size: 128
	initialisation: random
	learning_rate: 0.001
	number_of_epochs: 5
	number_of_hidden_layers: 3
	size_of_every_hidden_layer: 128
2025-03-06 12:29:35 INFO About to run command: python  --activation_function=sigmoid --batch_size=128 --initialisation=random --learning_rate=0.001 --number_of_epochs=5 --number_of_hidden_layers=3 --size_of_every_hidden_layer=128
2025-03-06 12:29:40 INFO Running runs: ['oz895123']
2025-03-06 12:29:51 INFO Cleaning up finished run: oz895123
2025-03-06 12:29:56 INFO Running runs: []
2025-03-06 12:41:18 INFO Running runs: []
2025-03-06 12:41:19 INFO Agent received command: run
2025-03-06 12:41:19 INFO Agent starting run with config:
	activation_function: sigmoid
	batch_size: 128
	initialisation: random
	learning_rate: 0.001
	number_of_epochs: 5
	number_of_hidden_layers: 3
	size_of_every_hidden_layer: 128
2025-03-06 12:41:19 INFO About to run command: python  --activation_function=sigmoid --batch_size=128 --initialisation=random --learning_rate=0.001 --number_of_epochs=5 --number_of_hidden_layers=3 --size_of_every_hidden_layer=128
2025-03-06 12:41:24 INFO Running runs: ['wwa8pwxo']
2025-03-06 18:48:09 INFO Running runs: []
2025-03-06 18:48:10 INFO Agent received command: run
2025-03-06 18:48:10 INFO Agent starting run with config:
	activation_function: sigmoid
	batch_size: 128
	initialisation: random
	learning_rate: 0.001
	number_of_epochs: 5
	number_of_hidden_layers: 3
	size_of_every_hidden_layer: 128
2025-03-06 18:48:10 INFO About to run command: python main.py
2025-03-06 18:48:15 INFO Running runs: ['lvhp88q6']
2025-03-06 18:56:29 INFO Cleaning up finished run: lvhp88q6
2025-03-06 18:56:30 INFO Agent received command: exit
2025-03-06 18:56:30 INFO Received exit command. Killing runs and quitting.
2025-03-06 22:28:26 INFO Running runs: []
2025-03-06 22:28:26 INFO Agent received command: run
2025-03-06 22:28:26 INFO Agent starting run with config:
	activation_function: sigmoid
	batch_size: 16
	initialisation: random
	learning_rate: 0.001
	number_of_epochs: 5
	number_of_hidden_layers: 3
	optimization_method: nag
	size_of_every_hidden_layer: 128
2025-03-06 22:28:26 INFO About to run command: python main.py
2025-03-06 22:28:31 INFO Running runs: ['ws4ulbc9']
2025-03-06 22:28:38 INFO Running runs: []
2025-03-06 22:28:39 INFO Agent received command: run
2025-03-06 22:28:39 INFO Agent starting run with config:
	activation_function: sigmoid
	batch_size: 16
	initialisation: random
	learning_rate: 0.001
	number_of_epochs: 5
	number_of_hidden_layers: 3
	optimization_method: rmsprop
	size_of_every_hidden_layer: 128
2025-03-06 22:28:39 INFO About to run command: python main.py
2025-03-06 22:28:44 INFO Running runs: ['qrblpzb9']
2025-03-06 22:31:05 INFO Retry attempt failed:
Traceback (most recent call last):
  File "C:\Users\shrey\AppData\Roaming\Python\Python311\site-packages\urllib3\connection.py", line 203, in _new_conn
    sock = connection.create_connection(
           ^^^^^^^^^^^^^^^^^^^^^^^^^^^^^
  File "C:\Users\shrey\AppData\Roaming\Python\Python311\site-packages\urllib3\util\connection.py", line 60, in create_connection
    for res in socket.getaddrinfo(host, port, family, socket.SOCK_STREAM):
               ^^^^^^^^^^^^^^^^^^^^^^^^^^^^^^^^^^^^^^^^^^^^^^^^^^^^^^^^^^
  File "C:\Program Files\Python311\Lib\socket.py", line 962, in getaddrinfo
    for res in _socket.getaddrinfo(host, port, family, type, proto, flags):
               ^^^^^^^^^^^^^^^^^^^^^^^^^^^^^^^^^^^^^^^^^^^^^^^^^^^^^^^^^^^
socket.gaierror: [Errno 11001] getaddrinfo failed

The above exception was the direct cause of the following exception:

Traceback (most recent call last):
  File "C:\Users\shrey\AppData\Roaming\Python\Python311\site-packages\urllib3\connectionpool.py", line 790, in urlopen
    response = self._make_request(
               ^^^^^^^^^^^^^^^^^^^
  File "C:\Users\shrey\AppData\Roaming\Python\Python311\site-packages\urllib3\connectionpool.py", line 491, in _make_request
    raise new_e
  File "C:\Users\shrey\AppData\Roaming\Python\Python311\site-packages\urllib3\connectionpool.py", line 467, in _make_request
    self._validate_conn(conn)
  File "C:\Users\shrey\AppData\Roaming\Python\Python311\site-packages\urllib3\connectionpool.py", line 1096, in _validate_conn
    conn.connect()
  File "C:\Users\shrey\AppData\Roaming\Python\Python311\site-packages\urllib3\connection.py", line 611, in connect
    self.sock = sock = self._new_conn()
                       ^^^^^^^^^^^^^^^^
  File "C:\Users\shrey\AppData\Roaming\Python\Python311\site-packages\urllib3\connection.py", line 210, in _new_conn
    raise NameResolutionError(self.host, self, e) from e
urllib3.exceptions.NameResolutionError: <urllib3.connection.HTTPSConnection object at 0x00000242335A3510>: Failed to resolve 'api.wandb.ai' ([Errno 11001] getaddrinfo failed)

The above exception was the direct cause of the following exception:

Traceback (most recent call last):
  File "C:\Users\shrey\AppData\Roaming\Python\Python311\site-packages\requests\adapters.py", line 667, in send
    resp = conn.urlopen(
           ^^^^^^^^^^^^^
  File "C:\Users\shrey\AppData\Roaming\Python\Python311\site-packages\urllib3\connectionpool.py", line 844, in urlopen
    retries = retries.increment(
              ^^^^^^^^^^^^^^^^^^
  File "C:\Users\shrey\AppData\Roaming\Python\Python311\site-packages\urllib3\util\retry.py", line 515, in increment
    raise MaxRetryError(_pool, url, reason) from reason  # type: ignore[arg-type]
    ^^^^^^^^^^^^^^^^^^^^^^^^^^^^^^^^^^^^^^^^^^^^^^^^^^^
urllib3.exceptions.MaxRetryError: HTTPSConnectionPool(host='api.wandb.ai', port=443): Max retries exceeded with url: /graphql (Caused by NameResolutionError("<urllib3.connection.HTTPSConnection object at 0x00000242335A3510>: Failed to resolve 'api.wandb.ai' ([Errno 11001] getaddrinfo failed)"))

During handling of the above exception, another exception occurred:

Traceback (most recent call last):
  File "C:\Users\shrey\AppData\Roaming\Python\Python311\site-packages\wandb\sdk\lib\retry.py", line 134, in __call__
    result = self._call_fn(*args, **kwargs)
             ^^^^^^^^^^^^^^^^^^^^^^^^^^^^^^
  File "C:\Users\shrey\AppData\Roaming\Python\Python311\site-packages\wandb\sdk\internal\internal_api.py", line 398, in execute
    return self.client.execute(*args, **kwargs)  # type: ignore
           ^^^^^^^^^^^^^^^^^^^^^^^^^^^^^^^^^^^^
  File "C:\Users\shrey\AppData\Roaming\Python\Python311\site-packages\wandb\vendor\gql-0.2.0\wandb_gql\client.py", line 52, in execute
    result = self._get_result(document, *args, **kwargs)
             ^^^^^^^^^^^^^^^^^^^^^^^^^^^^^^^^^^^^^^^^^^^
  File "C:\Users\shrey\AppData\Roaming\Python\Python311\site-packages\wandb\vendor\gql-0.2.0\wandb_gql\client.py", line 60, in _get_result
    return self.transport.execute(document, *args, **kwargs)
           ^^^^^^^^^^^^^^^^^^^^^^^^^^^^^^^^^^^^^^^^^^^^^^^^^
  File "C:\Users\shrey\AppData\Roaming\Python\Python311\site-packages\wandb\sdk\lib\gql_request.py", line 58, in execute
    request = self.session.post(self.url, **post_args)
              ^^^^^^^^^^^^^^^^^^^^^^^^^^^^^^^^^^^^^^^^
  File "C:\Users\shrey\AppData\Roaming\Python\Python311\site-packages\requests\sessions.py", line 637, in post
    return self.request("POST", url, data=data, json=json, **kwargs)
           ^^^^^^^^^^^^^^^^^^^^^^^^^^^^^^^^^^^^^^^^^^^^^^^^^^^^^^^^^
  File "C:\Users\shrey\AppData\Roaming\Python\Python311\site-packages\requests\sessions.py", line 589, in request
    resp = self.send(prep, **send_kwargs)
           ^^^^^^^^^^^^^^^^^^^^^^^^^^^^^^
  File "C:\Users\shrey\AppData\Roaming\Python\Python311\site-packages\requests\sessions.py", line 703, in send
    r = adapter.send(request, **kwargs)
        ^^^^^^^^^^^^^^^^^^^^^^^^^^^^^^^
  File "C:\Users\shrey\AppData\Roaming\Python\Python311\site-packages\requests\adapters.py", line 700, in send
    raise ConnectionError(e, request=request)
requests.exceptions.ConnectionError: HTTPSConnectionPool(host='api.wandb.ai', port=443): Max retries exceeded with url: /graphql (Caused by NameResolutionError("<urllib3.connection.HTTPSConnection object at 0x00000242335A3510>: Failed to resolve 'api.wandb.ai' ([Errno 11001] getaddrinfo failed)"))
2025-03-06 22:31:07 INFO Retry attempt failed:
Traceback (most recent call last):
  File "C:\Users\shrey\AppData\Roaming\Python\Python311\site-packages\urllib3\connection.py", line 203, in _new_conn
    sock = connection.create_connection(
           ^^^^^^^^^^^^^^^^^^^^^^^^^^^^^
  File "C:\Users\shrey\AppData\Roaming\Python\Python311\site-packages\urllib3\util\connection.py", line 60, in create_connection
    for res in socket.getaddrinfo(host, port, family, socket.SOCK_STREAM):
               ^^^^^^^^^^^^^^^^^^^^^^^^^^^^^^^^^^^^^^^^^^^^^^^^^^^^^^^^^^
  File "C:\Program Files\Python311\Lib\socket.py", line 962, in getaddrinfo
    for res in _socket.getaddrinfo(host, port, family, type, proto, flags):
               ^^^^^^^^^^^^^^^^^^^^^^^^^^^^^^^^^^^^^^^^^^^^^^^^^^^^^^^^^^^
socket.gaierror: [Errno 11001] getaddrinfo failed

The above exception was the direct cause of the following exception:

Traceback (most recent call last):
  File "C:\Users\shrey\AppData\Roaming\Python\Python311\site-packages\urllib3\connectionpool.py", line 790, in urlopen
    response = self._make_request(
               ^^^^^^^^^^^^^^^^^^^
  File "C:\Users\shrey\AppData\Roaming\Python\Python311\site-packages\urllib3\connectionpool.py", line 491, in _make_request
    raise new_e
  File "C:\Users\shrey\AppData\Roaming\Python\Python311\site-packages\urllib3\connectionpool.py", line 467, in _make_request
    self._validate_conn(conn)
  File "C:\Users\shrey\AppData\Roaming\Python\Python311\site-packages\urllib3\connectionpool.py", line 1096, in _validate_conn
    conn.connect()
  File "C:\Users\shrey\AppData\Roaming\Python\Python311\site-packages\urllib3\connection.py", line 611, in connect
    self.sock = sock = self._new_conn()
                       ^^^^^^^^^^^^^^^^
  File "C:\Users\shrey\AppData\Roaming\Python\Python311\site-packages\urllib3\connection.py", line 210, in _new_conn
    raise NameResolutionError(self.host, self, e) from e
urllib3.exceptions.NameResolutionError: <urllib3.connection.HTTPSConnection object at 0x000001FFA6903810>: Failed to resolve 'api.wandb.ai' ([Errno 11001] getaddrinfo failed)

The above exception was the direct cause of the following exception:

Traceback (most recent call last):
  File "C:\Users\shrey\AppData\Roaming\Python\Python311\site-packages\requests\adapters.py", line 667, in send
    resp = conn.urlopen(
           ^^^^^^^^^^^^^
  File "C:\Users\shrey\AppData\Roaming\Python\Python311\site-packages\urllib3\connectionpool.py", line 844, in urlopen
    retries = retries.increment(
              ^^^^^^^^^^^^^^^^^^
  File "C:\Users\shrey\AppData\Roaming\Python\Python311\site-packages\urllib3\util\retry.py", line 515, in increment
    raise MaxRetryError(_pool, url, reason) from reason  # type: ignore[arg-type]
    ^^^^^^^^^^^^^^^^^^^^^^^^^^^^^^^^^^^^^^^^^^^^^^^^^^^
urllib3.exceptions.MaxRetryError: HTTPSConnectionPool(host='api.wandb.ai', port=443): Max retries exceeded with url: /graphql (Caused by NameResolutionError("<urllib3.connection.HTTPSConnection object at 0x000001FFA6903810>: Failed to resolve 'api.wandb.ai' ([Errno 11001] getaddrinfo failed)"))

During handling of the above exception, another exception occurred:

Traceback (most recent call last):
  File "C:\Users\shrey\AppData\Roaming\Python\Python311\site-packages\wandb\sdk\lib\retry.py", line 134, in __call__
    result = self._call_fn(*args, **kwargs)
             ^^^^^^^^^^^^^^^^^^^^^^^^^^^^^^
  File "C:\Users\shrey\AppData\Roaming\Python\Python311\site-packages\wandb\sdk\internal\internal_api.py", line 398, in execute
    return self.client.execute(*args, **kwargs)  # type: ignore
           ^^^^^^^^^^^^^^^^^^^^^^^^^^^^^^^^^^^^
  File "C:\Users\shrey\AppData\Roaming\Python\Python311\site-packages\wandb\vendor\gql-0.2.0\wandb_gql\client.py", line 52, in execute
    result = self._get_result(document, *args, **kwargs)
             ^^^^^^^^^^^^^^^^^^^^^^^^^^^^^^^^^^^^^^^^^^^
  File "C:\Users\shrey\AppData\Roaming\Python\Python311\site-packages\wandb\vendor\gql-0.2.0\wandb_gql\client.py", line 60, in _get_result
    return self.transport.execute(document, *args, **kwargs)
           ^^^^^^^^^^^^^^^^^^^^^^^^^^^^^^^^^^^^^^^^^^^^^^^^^
  File "C:\Users\shrey\AppData\Roaming\Python\Python311\site-packages\wandb\sdk\lib\gql_request.py", line 58, in execute
    request = self.session.post(self.url, **post_args)
              ^^^^^^^^^^^^^^^^^^^^^^^^^^^^^^^^^^^^^^^^
  File "C:\Users\shrey\AppData\Roaming\Python\Python311\site-packages\requests\sessions.py", line 637, in post
    return self.request("POST", url, data=data, json=json, **kwargs)
           ^^^^^^^^^^^^^^^^^^^^^^^^^^^^^^^^^^^^^^^^^^^^^^^^^^^^^^^^^
  File "C:\Users\shrey\AppData\Roaming\Python\Python311\site-packages\requests\sessions.py", line 589, in request
    resp = self.send(prep, **send_kwargs)
           ^^^^^^^^^^^^^^^^^^^^^^^^^^^^^^
  File "C:\Users\shrey\AppData\Roaming\Python\Python311\site-packages\requests\sessions.py", line 703, in send
    r = adapter.send(request, **kwargs)
        ^^^^^^^^^^^^^^^^^^^^^^^^^^^^^^^
  File "C:\Users\shrey\AppData\Roaming\Python\Python311\site-packages\requests\adapters.py", line 700, in send
    raise ConnectionError(e, request=request)
requests.exceptions.ConnectionError: HTTPSConnectionPool(host='api.wandb.ai', port=443): Max retries exceeded with url: /graphql (Caused by NameResolutionError("<urllib3.connection.HTTPSConnection object at 0x000001FFA6903810>: Failed to resolve 'api.wandb.ai' ([Errno 11001] getaddrinfo failed)"))
2025-03-06 22:46:39 INFO Cleaning up finished run: ws4ulbc9
2025-03-06 22:46:40 INFO Agent received command: exit
2025-03-06 22:46:40 INFO Received exit command. Killing runs and quitting.
2025-03-06 22:46:44 INFO Cleaning up finished run: qrblpzb9
2025-03-06 22:46:44 INFO Agent received command: exit
2025-03-06 22:46:44 INFO Received exit command. Killing runs and quitting.
2025-03-08 03:29:15 INFO Running runs: []
2025-03-08 03:29:15 INFO Agent received command: run
2025-03-08 03:29:15 INFO Agent starting run with config:
	activation_function: sigmoid
	batch_size: 8
	initialisation: random
	learning_rate: 0.001
	loss_type: cross_entropy
	number_of_epochs: 5
	number_of_hidden_layers: 2
	optimization_method: momentum
	size_of_every_hidden_layer: [64, 128]
2025-03-08 03:29:15 INFO About to run command: python  --activation_function=sigmoid --batch_size=8 --initialisation=random --learning_rate=0.001 --loss_type=cross_entropy --number_of_epochs=5 --number_of_hidden_layers=2 --optimization_method=momentum "--size_of_every_hidden_layer=[64, 128]"
2025-03-08 03:29:20 INFO Running runs: ['yeudmnmu']
2025-03-08 03:29:20 INFO Cleaning up finished run: yeudmnmu
2025-03-08 03:29:21 INFO Agent received command: run
2025-03-08 03:29:21 INFO Agent starting run with config:
	activation_function: sigmoid
	batch_size: 8
	initialisation: random
	learning_rate: 0.001
	loss_type: cross_entropy
	number_of_epochs: 5
	number_of_hidden_layers: 2
	optimization_method: momentum
	size_of_every_hidden_layer: 256
2025-03-08 03:29:21 INFO About to run command: python  --activation_function=sigmoid --batch_size=8 --initialisation=random --learning_rate=0.001 --loss_type=cross_entropy --number_of_epochs=5 --number_of_hidden_layers=2 --optimization_method=momentum --size_of_every_hidden_layer=256
2025-03-08 03:29:26 INFO Running runs: ['rwq4sc7u']
2025-03-08 03:29:26 INFO Cleaning up finished run: rwq4sc7u
2025-03-08 03:31:34 INFO Running runs: []
2025-03-08 03:31:34 INFO Agent received command: run
2025-03-08 03:31:34 INFO Agent starting run with config:
	activation_function: sigmoid
	batch_size: 16
	initialisation: random
	learning_rate: 0.001
	loss_type: mean_squared_error
	number_of_epochs: 5
	number_of_hidden_layers: 3
	optimization_method: momentum
	size_of_every_hidden_layer: 35
2025-03-08 03:31:34 INFO About to run command: python main.py
2025-03-08 03:31:39 INFO Running runs: ['wy63wvpl']
2025-03-08 03:33:53 INFO Cleaning up finished run: wy63wvpl
2025-03-08 03:33:54 INFO Agent received command: exit
2025-03-08 03:33:54 INFO Received exit command. Killing runs and quitting.
2025-03-08 12:25:10 INFO Running runs: []
2025-03-08 12:25:10 INFO Agent received command: run
2025-03-08 12:25:10 INFO Agent starting run with config:
	activation_function: sigmoid
	batch_size: 16
	beta: 0.5
	beta1: 0.5
	beta2: 0.5
	epsilon: 1e-08
	initialisation: random
	learning_rate: 0.001
	loss_type: mean_squared_error
	momentum: 0.5
	number_of_epochs: 5
	number_of_hidden_layers: 3
	optimization_method: nag
	size_of_every_hidden_layer: 20
	weight_decay: 0.0005
2025-03-08 12:25:10 INFO About to run command: python main.py
2025-03-08 12:25:15 INFO Running runs: ['it4rabow']
2025-03-08 12:25:26 INFO Running runs: []
2025-03-08 12:25:26 INFO Agent received command: run
2025-03-08 12:25:26 INFO Agent starting run with config:
	activation_function: sigmoid
	batch_size: 16
	beta: 0.5
	beta1: 0.5
	beta2: 0.5
	epsilon: 1e-08
	initialisation: random
	learning_rate: 0.001
	loss_type: mean_squared_error
	momentum: 0.5
	number_of_epochs: 5
	number_of_hidden_layers: 3
	optimization_method: rmsprop
	size_of_every_hidden_layer: 20
	weight_decay: 0.0005
2025-03-08 12:25:26 INFO About to run command: python main.py
2025-03-08 12:25:31 INFO Running runs: ['pht7i3vh']
2025-03-08 12:25:33 INFO Running runs: []
2025-03-08 12:25:33 INFO Agent received command: run
2025-03-08 12:25:33 INFO Agent starting run with config:
	activation_function: sigmoid
	batch_size: 16
	beta: 0.5
	beta1: 0.5
	beta2: 0.5
	epsilon: 1e-08
	initialisation: random
	learning_rate: 0.001
	loss_type: mean_squared_error
	momentum: 0.5
	number_of_epochs: 5
	number_of_hidden_layers: 3
	optimization_method: adam
	size_of_every_hidden_layer: 20
	weight_decay: 0.0005
2025-03-08 12:25:33 INFO About to run command: python main.py
2025-03-08 12:25:38 INFO Running runs: ['etwkm3pj']
2025-03-08 12:28:54 INFO Cleaning up finished run: it4rabow
2025-03-08 12:28:55 INFO Agent received command: run
2025-03-08 12:28:55 INFO Agent starting run with config:
	activation_function: sigmoid
	batch_size: 16
	beta: 0.5
	beta1: 0.5
	beta2: 0.5
	epsilon: 1e-08
	initialisation: random
	learning_rate: 0.001
	loss_type: mean_squared_error
	momentum: 0.5
	number_of_epochs: 5
	number_of_hidden_layers: 3
	optimization_method: gd
	size_of_every_hidden_layer: 20
	weight_decay: 0.0005
2025-03-08 12:28:55 INFO About to run command: python main.py
2025-03-08 12:29:00 INFO Running runs: ['nyq9bw1a']
2025-03-08 12:29:26 INFO Cleaning up finished run: pht7i3vh
2025-03-08 12:29:32 INFO Running runs: []
2025-03-08 12:29:38 INFO Agent received command: exit
2025-03-08 12:29:38 INFO Received exit command. Killing runs and quitting.
2025-03-08 12:29:43 INFO Cleaning up finished run: etwkm3pj
2025-03-08 12:29:44 INFO Agent received command: exit
2025-03-08 12:29:44 INFO Received exit command. Killing runs and quitting.
2025-03-08 12:31:51 INFO Cleaning up finished run: nyq9bw1a
2025-03-08 12:31:52 INFO Agent received command: exit
2025-03-08 12:31:52 INFO Received exit command. Killing runs and quitting.
2025-03-08 14:08:19 INFO Running runs: []
2025-03-08 14:08:19 INFO Agent received command: run
2025-03-08 14:08:19 INFO Agent starting run with config:
	activation_function: sigmoid
	batch_size: 16
	beta: 0.5
	beta1: 0.5
	beta2: 0.99
	epsilon: 1e-08
	initialisation: random
	learning_rate: 0.001
	loss_type: mean_squared_error
	momentum: 0.5
	number_of_epochs: 5
	number_of_hidden_layers: 3
	optimization_method: nadam
	size_of_every_hidden_layer: 20
	weight_decay: 0.0005
2025-03-08 14:08:19 INFO About to run command: python main.py
2025-03-08 14:08:24 INFO Running runs: ['q7g6zzyn']
2025-03-08 14:56:07 INFO Running runs: []
2025-03-08 14:56:07 INFO Agent received command: run
2025-03-08 14:56:07 INFO Agent starting run with config:
	activation_function: sigmoid
	batch_size: 16
	beta: 0.5
	beta1: 0.9
	beta2: 0.999
	epsilon: 1e-06
	initialisation: random
	learning_rate: 0.001
	loss_type: mean_squared_error
	momentum: 0.5
	number_of_epochs: 5
	number_of_hidden_layers: 3
	optimization_method: nadam
	size_of_every_hidden_layer: 20
	weight_decay: 0.0005
2025-03-08 14:56:07 INFO About to run command: python main.py
2025-03-08 14:56:12 INFO Running runs: ['nyny19or']
2025-03-08 15:00:28 INFO Cleaning up finished run: nyny19or
2025-03-08 15:00:29 INFO Agent received command: exit
2025-03-08 15:00:29 INFO Received exit command. Killing runs and quitting.
2025-03-09 00:07:48 INFO Running runs: []
2025-03-09 00:07:49 INFO Agent received command: run
2025-03-09 00:07:49 INFO Agent starting run with config:
	activation: tanh
	batch_size: 64
	beta: 0.1
	beta1: 0.9
	beta2: 0.9999
	epochs: 10
	epsilon: 1e-06
	hidden_size: 256
	learning_rate: 0.1
	loss: cross_entropy
	momentum: 0.5
	num_layers: 6
	optimizer: rmsprop
	weight_decay: 0.0005
	weight_init: random
2025-03-09 00:07:49 INFO About to run command: python main.py
2025-03-09 00:07:54 INFO Running runs: ['eu6yirp3']
2025-03-09 00:08:01 INFO Running runs: []
2025-03-09 00:08:01 INFO Agent received command: run
2025-03-09 00:08:01 INFO Agent starting run with config:
	activation: sigmoid
	batch_size: 32
	beta: 0.9
	beta1: 0.8
	beta2: 0.9
	epochs: 5
	epsilon: 1e-05
	hidden_size: 128
	learning_rate: 0.01
	loss: cross_entropy
	momentum: 0.1
	num_layers: 3
	optimizer: sgd
	weight_decay: 0.5
	weight_init: random
2025-03-09 00:08:01 INFO About to run command: python main.py
2025-03-09 00:08:06 INFO Running runs: ['23va7g5f']
2025-03-09 00:08:08 INFO Running runs: []
2025-03-09 00:08:09 INFO Agent received command: run
2025-03-09 00:08:09 INFO Agent starting run with config:
	activation: ReLU
	batch_size: 16
	beta: 0.9
	beta1: 0.99
	beta2: 0.9
	epochs: 15
	epsilon: 0.0001
	hidden_size: 256
	learning_rate: 0.01
	loss: cross_entropy
	momentum: 0.9
	num_layers: 4
	optimizer: rmsprop
	weight_decay: 0
	weight_init: Xavier
2025-03-09 00:08:09 INFO About to run command: python main.py
2025-03-09 00:08:14 INFO Running runs: ['rfrcr2ue']
2025-03-09 00:20:09 INFO Running runs: []
2025-03-09 00:20:10 INFO Agent received command: run
2025-03-09 00:20:10 INFO Agent starting run with config:
	activation: tanh
	batch_size: 32
	beta: 0.5
	beta1: 0.8
	beta2: 0.999
	epochs: 10
	epsilon: 1e-06
	hidden_size: 128
	learning_rate: 0.01
	loss: cross_entropy
	momentum: 0.5
	num_layers: 6
	optimizer: sgd
	weight_decay: 0.0005
	weight_init: Xavier
2025-03-09 00:20:10 INFO About to run command: python main.py
2025-03-09 00:20:15 INFO Running runs: ['az7nx68t']
2025-03-09 00:20:19 INFO Running runs: []
2025-03-09 00:20:20 INFO Agent received command: run
2025-03-09 00:20:20 INFO Agent starting run with config:
	activation: ReLU
	batch_size: 64
	beta: 0.1
	beta1: 0.99
	beta2: 0.999
	epochs: 15
	epsilon: 0.0001
	hidden_size: 256
	learning_rate: 0.01
	loss: cross_entropy
	momentum: 0.9
	num_layers: 5
	optimizer: momentum
	weight_decay: 0.5
	weight_init: random
2025-03-09 00:20:20 INFO About to run command: python main.py
2025-03-09 00:20:25 INFO Running runs: ['vvppdu6q']
2025-03-09 00:20:30 INFO Running runs: []
2025-03-09 00:20:30 INFO Agent received command: run
2025-03-09 00:20:30 INFO Agent starting run with config:
	activation: ReLU
	batch_size: 64
	beta: 0.9
	beta1: 0.9
	beta2: 0.9
	epochs: 10
	epsilon: 1e-06
	hidden_size: 64
	learning_rate: 0.01
	loss: cross_entropy
	momentum: 0.5
	num_layers: 4
	optimizer: adam
	weight_decay: 0
	weight_init: Xavier
2025-03-09 00:20:30 INFO About to run command: python main.py
2025-03-09 00:20:35 INFO Running runs: ['dcw2gw90']
2025-03-09 00:29:32 INFO Running runs: []
2025-03-09 00:29:33 INFO Agent received command: run
2025-03-09 00:29:33 INFO Agent starting run with config:
	activation: tanh
	batch_size: 32
	beta: 0.5
	beta1: 0.9
	beta2: 0.99
	epochs: 15
	epsilon: 1e-05
	hidden_size: 256
	learning_rate: 0.0001
	loss: cross_entropy
	momentum: 0.5
	num_layers: 4
	optimizer: gd
	weight_decay: 0.5
	weight_init: random
2025-03-09 00:29:33 INFO About to run command: python main.py
2025-03-09 00:29:38 INFO Running runs: ['o14tc2jz']
2025-03-09 00:29:41 INFO Running runs: []
2025-03-09 00:29:42 INFO Agent received command: run
2025-03-09 00:29:42 INFO Agent starting run with config:
	activation: ReLU
	batch_size: 32
	beta: 0.1
	beta1: 0.99
	beta2: 0.99
	epochs: 10
	epsilon: 1e-06
	hidden_size: 512
	learning_rate: 0.01
	loss: cross_entropy
	momentum: 0.5
	num_layers: 4
	optimizer: nag
	weight_decay: 0.0005
	weight_init: Xavier
2025-03-09 00:29:42 INFO About to run command: python main.py
2025-03-09 00:29:47 INFO Running runs: ['l6eubeb2']
2025-03-09 01:03:23 INFO Running runs: []
2025-03-09 01:03:24 INFO Agent received command: run
2025-03-09 01:03:24 INFO Agent starting run with config:
	activation: sigmoid
	batch_size: 64
	beta: 0.9
	beta1: 0.9
	beta2: 0.99
	epochs: 5
	epsilon: 1e-05
	hidden_size: 256
	learning_rate: 0.0001
	loss: cross_entropy
	momentum: 0.1
	num_layers: 6
	optimizer: momentum
	weight_decay: 0.0005
	weight_init: Xavier
2025-03-09 01:03:24 INFO About to run command: python main.py
2025-03-09 01:03:29 INFO Running runs: ['jcfu79ne']
2025-03-09 01:03:33 INFO Running runs: []
2025-03-09 01:03:34 INFO Agent received command: run
2025-03-09 01:03:34 INFO Agent starting run with config:
	activation: ReLU
	batch_size: 64
	beta: 0.95
	beta1: 0.8
	beta2: 0.99
	epochs: 5
	epsilon: 0.0001
	hidden_size: 128
	learning_rate: 0.0001
	loss: cross_entropy
	momentum: 0.5
	num_layers: 6
	optimizer: gd
	weight_decay: 0.5
	weight_init: Xavier
2025-03-09 01:03:34 INFO About to run command: python main.py
2025-03-09 01:03:39 INFO Running runs: ['cx4cib69']
2025-03-09 01:06:58 INFO Running runs: []
2025-03-09 01:06:58 INFO Agent received command: run
2025-03-09 01:06:58 INFO Agent starting run with config:
	activation: tanh
	batch_size: 16
	beta: 0.05
	beta1: 0.9
	beta2: 0.99
	epochs: 5
	epsilon: 1e-05
	hidden_size: 32
	learning_rate: 0.0001
	loss: cross_entropy
	momentum: 0.5
	num_layers: 4
	optimizer: momentum
	weight_decay: 0.0005
	weight_init: Xavier
2025-03-09 01:06:58 INFO About to run command: python main.py
2025-03-09 01:07:03 INFO Running runs: ['xipfefq9']
2025-03-09 01:14:22 INFO Cleaning up finished run: xipfefq9
2025-03-09 01:14:23 INFO Agent received command: run
2025-03-09 01:14:23 INFO Agent starting run with config:
	activation: sigmoid
	batch_size: 64
	beta: 0.9
	beta1: 0.9
	beta2: 0.9
	epochs: 10
	epsilon: 1e-06
	hidden_size: 64
	learning_rate: 0.01
	loss: cross_entropy
	momentum: 0.1
	num_layers: 5
	optimizer: momentum
	weight_decay: 0.0005
	weight_init: Xavier
2025-03-09 01:14:23 INFO About to run command: python main.py
2025-03-09 01:14:28 INFO Running runs: ['yjng46bf']
2025-03-09 01:35:27 INFO Cleaning up finished run: yjng46bf
2025-03-09 01:35:28 INFO Agent received command: run
2025-03-09 01:35:28 INFO Agent starting run with config:
	activation: ReLU
	batch_size: 32
	beta: 0.1
	beta1: 0.99
	beta2: 0.9
	epochs: 5
	epsilon: 1e-06
	hidden_size: 32
	learning_rate: 0.0001
	loss: cross_entropy
	momentum: 0.9
	num_layers: 5
	optimizer: adam
	weight_decay: 0.0005
	weight_init: Xavier
2025-03-09 01:35:28 INFO About to run command: python main.py
2025-03-09 01:35:33 INFO Running runs: ['numeqw88']
2025-03-09 01:40:00 INFO Cleaning up finished run: cx4cib69
2025-03-09 01:40:03 INFO Agent received command: run
2025-03-09 01:40:03 INFO Agent starting run with config:
	activation: ReLU
	batch_size: 16
	beta: 0.05
	beta1: 0.99
	beta2: 0.999
	epochs: 5
	epsilon: 1e-06
	hidden_size: 64
	learning_rate: 0.0001
	loss: cross_entropy
	momentum: 0.9
	num_layers: 5
	optimizer: momentum
	weight_decay: 0.0005
	weight_init: Xavier
2025-03-09 01:40:03 INFO About to run command: python main.py
2025-03-09 01:40:08 INFO Running runs: ['4hni7jf2']
2025-03-09 01:44:46 INFO Cleaning up finished run: numeqw88
2025-03-09 01:44:46 INFO Agent received command: run
2025-03-09 01:44:46 INFO Agent starting run with config:
	activation: ReLU
	batch_size: 16
	beta: 0.05
	beta1: 0.9
	beta2: 0.99
	epochs: 10
	epsilon: 1e-06
	hidden_size: 64
	learning_rate: 0.0001
	loss: cross_entropy
	momentum: 0.9
	num_layers: 6
	optimizer: nadam
	weight_decay: 0.0005
	weight_init: random
2025-03-09 01:44:46 INFO About to run command: python main.py
2025-03-09 01:44:51 INFO Running runs: ['qfblfkwx']
2025-03-09 01:52:01 INFO Cleaning up finished run: 4hni7jf2
2025-03-09 01:52:02 INFO Agent received command: run
2025-03-09 01:52:02 INFO Agent starting run with config:
	activation: ReLU
	batch_size: 32
	beta: 0.05
	beta1: 0.99
	beta2: 0.99
	epochs: 5
	epsilon: 1e-06
	hidden_size: 128
	learning_rate: 0.0001
	loss: cross_entropy
	momentum: 0.9
	num_layers: 5
	optimizer: rmsprop
	weight_decay: 0.0005
	weight_init: Xavier
2025-03-09 01:52:02 INFO About to run command: python main.py
2025-03-09 01:52:07 INFO Running runs: ['ukyd1yp3']
2025-03-09 02:10:30 INFO Cleaning up finished run: qfblfkwx
2025-03-09 02:10:31 INFO Agent received command: run
2025-03-09 02:10:31 INFO Agent starting run with config:
	activation: ReLU
	batch_size: 64
	beta: 0.05
	beta1: 0.9
	beta2: 0.999
	epochs: 5
	epsilon: 1e-06
	hidden_size: 32
	learning_rate: 0.0001
	loss: cross_entropy
	momentum: 0.9
	num_layers: 5
	optimizer: adam
	weight_decay: 0.5
	weight_init: Xavier
2025-03-09 02:10:31 INFO About to run command: python main.py
2025-03-09 02:10:36 INFO Running runs: ['mf387zpc']
2025-03-09 02:15:38 INFO Cleaning up finished run: jcfu79ne
2025-03-09 02:15:42 INFO Agent received command: run
2025-03-09 02:15:42 INFO Agent starting run with config:
	activation: ReLU
	batch_size: 64
	beta: 0.05
	beta1: 0.99
	beta2: 0.99
	epochs: 10
	epsilon: 1e-06
	hidden_size: 256
	learning_rate: 0.0001
	loss: cross_entropy
	momentum: 0.5
	num_layers: 5
	optimizer: adam
	weight_decay: 0.0005
	weight_init: random
2025-03-09 02:15:42 INFO About to run command: python main.py
2025-03-09 02:15:47 INFO Running runs: ['4iozik66']
2025-03-09 02:16:24 INFO Agent received command: stop
2025-03-09 02:16:24 INFO Stop: o14tc2jz
2025-03-09 02:16:45 INFO Cleaning up finished run: o14tc2jz
2025-03-09 02:17:39 INFO Cleaning up finished run: mf387zpc
2025-03-09 02:17:40 INFO Agent received command: run
2025-03-09 02:17:40 INFO Agent starting run with config:
	activation: ReLU
	batch_size: 32
	beta: 0.05
	beta1: 0.99
	beta2: 0.9
	epochs: 5
	epsilon: 1e-05
	hidden_size: 32
	learning_rate: 0.0001
	loss: cross_entropy
	momentum: 0.9
	num_layers: 5
	optimizer: nadam
	weight_decay: 0
	weight_init: Xavier
2025-03-09 02:17:40 INFO About to run command: python main.py
2025-03-09 02:17:45 INFO Running runs: ['n824wvsz']
2025-03-09 02:20:28 INFO Running runs: []
2025-03-09 02:20:29 INFO Agent received command: run
2025-03-09 02:20:29 INFO Agent starting run with config:
	activation: ReLU
	batch_size: 32
	beta: 0.5
	beta1: 0.99
	beta2: 0.999
	epochs: 10
	epsilon: 1e-06
	hidden_size: 64
	learning_rate: 0.001
	loss: cross_entropy
	momentum: 0.5
	num_layers: 6
	optimizer: nadam
	weight_decay: 0
	weight_init: Xavier
2025-03-09 02:20:29 INFO About to run command: python main.py
2025-03-09 02:20:34 INFO Running runs: ['bvi6pkf1']
2025-03-09 02:20:35 INFO Running runs: []
2025-03-09 02:20:36 INFO Agent received command: run
2025-03-09 02:20:36 INFO Agent starting run with config:
	activation: ReLU
	batch_size: 64
	beta: 0.5
	beta1: 0.9
	beta2: 0.999
	epochs: 5
	epsilon: 1e-06
	hidden_size: 64
	learning_rate: 0.0001
	loss: cross_entropy
	momentum: 0.5
	num_layers: 6
	optimizer: adam
	weight_decay: 0
	weight_init: Xavier
2025-03-09 02:20:36 INFO About to run command: python main.py
2025-03-09 02:20:41 INFO Running runs: ['cxxf9jx2']
2025-03-09 02:24:48 INFO Cleaning up finished run: n824wvsz
2025-03-09 02:24:48 INFO Agent received command: run
2025-03-09 02:24:48 INFO Agent starting run with config:
	activation: ReLU
	batch_size: 32
	beta: 0.1
	beta1: 0.99
	beta2: 0.99
	epochs: 10
	epsilon: 1e-05
	hidden_size: 32
	learning_rate: 0.0001
	loss: cross_entropy
	momentum: 0.9
	num_layers: 5
	optimizer: rmsprop
	weight_decay: 0
	weight_init: Xavier
2025-03-09 02:24:48 INFO About to run command: python main.py
2025-03-09 02:24:53 INFO Running runs: ['burk6jdk']
2025-03-09 02:25:30 INFO Cleaning up finished run: ukyd1yp3
2025-03-09 02:25:30 INFO Agent received command: run
2025-03-09 02:25:30 INFO Agent starting run with config:
	activation: ReLU
	batch_size: 32
	beta: 0.05
	beta1: 0.99
	beta2: 0.999
	epochs: 5
	epsilon: 1e-06
	hidden_size: 256
	learning_rate: 0.0001
	loss: cross_entropy
	momentum: 0.5
	num_layers: 3
	optimizer: adam
	weight_decay: 0
	weight_init: random
2025-03-09 02:25:30 INFO About to run command: python main.py
2025-03-09 02:25:35 INFO Running runs: ['l83xkriy']
2025-03-09 02:31:44 INFO Cleaning up finished run: cxxf9jx2
2025-03-09 02:31:46 INFO Agent received command: run
2025-03-09 02:31:46 INFO Agent starting run with config:
	activation: ReLU
	batch_size: 16
	beta: 0.05
	beta1: 0.9
	beta2: 0.99
	epochs: 10
	epsilon: 1e-06
	hidden_size: 256
	learning_rate: 0.001
	loss: cross_entropy
	momentum: 0.5
	num_layers: 4
	optimizer: nadam
	weight_decay: 0.0005
	weight_init: Xavier
2025-03-09 02:31:46 INFO About to run command: python main.py
2025-03-09 02:31:51 INFO Running runs: ['y6zhalli']
2025-03-09 02:34:41 INFO Running runs: []
2025-03-09 02:34:42 INFO Agent received command: run
2025-03-09 02:34:42 INFO Agent starting run with config:
	activation: tanh
	batch_size: 32
	beta: 0.05
	beta1: 0.99
	beta2: 0.9
	epochs: 15
	epsilon: 1e-06
	hidden_size: 64
	learning_rate: 0.0001
	loss: cross_entropy
	momentum: 0.1
	num_layers: 3
	optimizer: nadam
	weight_decay: 0
	weight_init: Xavier
2025-03-09 02:34:42 INFO About to run command: python main.py
2025-03-09 02:34:47 INFO Running runs: ['r2g9hjf0']
2025-03-09 02:37:07 INFO Cleaning up finished run: burk6jdk
2025-03-09 02:37:08 INFO Agent received command: run
2025-03-09 02:37:08 INFO Agent starting run with config:
	activation: ReLU
	batch_size: 32
	beta: 0.1
	beta1: 0.99
	beta2: 0.9
	epochs: 5
	epsilon: 1e-06
	hidden_size: 64
	learning_rate: 0.001
	loss: cross_entropy
	momentum: 0.9
	num_layers: 5
	optimizer: rmsprop
	weight_decay: 0
	weight_init: Xavier
2025-03-09 02:37:08 INFO About to run command: python main.py
2025-03-09 02:37:13 INFO Running runs: ['dhunerna']
2025-03-09 02:41:10 INFO Running runs: []
2025-03-09 02:41:11 INFO Agent received command: run
2025-03-09 02:41:11 INFO Agent starting run with config:
	activation: ReLU
	batch_size: 64
	beta: 0.05
	beta1: 0.99
	beta2: 0.9
	epochs: 10
	epsilon: 1e-05
	hidden_size: 128
	learning_rate: 0.0001
	loss: cross_entropy
	momentum: 0.1
	num_layers: 5
	optimizer: adam
	weight_decay: 0
	weight_init: Xavier
2025-03-09 02:41:11 INFO About to run command: python main.py
2025-03-09 02:41:16 INFO Running runs: ['lxg01r3d']
2025-03-09 02:43:40 INFO Cleaning up finished run: bvi6pkf1
2025-03-09 02:43:42 INFO Agent received command: run
2025-03-09 02:43:42 INFO Agent starting run with config:
	activation: ReLU
	batch_size: 16
	beta: 0.05
	beta1: 0.99
	beta2: 0.999
	epochs: 10
	epsilon: 1e-05
	hidden_size: 128
	learning_rate: 0.0001
	loss: cross_entropy
	momentum: 0.5
	num_layers: 4
	optimizer: adam
	weight_decay: 0
	weight_init: Xavier
2025-03-09 02:43:42 INFO About to run command: python main.py
2025-03-09 02:43:47 INFO Running runs: ['sg2m22fi']
2025-03-09 02:48:16 INFO Cleaning up finished run: dhunerna
2025-03-09 02:48:21 INFO Agent received command: run
2025-03-09 02:48:21 INFO Agent starting run with config:
	activation: tanh
	batch_size: 32
	beta: 0.05
	beta1: 0.99
	beta2: 0.9
	epochs: 5
	epsilon: 1e-06
	hidden_size: 256
	learning_rate: 0.0001
	loss: cross_entropy
	momentum: 0.9
	num_layers: 3
	optimizer: nadam
	weight_decay: 0
	weight_init: Xavier
2025-03-09 02:48:21 INFO About to run command: python main.py
2025-03-09 02:48:26 INFO Running runs: ['39vmltjo']
2025-03-09 03:04:34 INFO Cleaning up finished run: r2g9hjf0
2025-03-09 03:04:36 INFO Agent received command: run
2025-03-09 03:04:36 INFO Agent starting run with config:
	activation: ReLU
	batch_size: 16
	beta: 0.5
	beta1: 0.99
	beta2: 0.99
	epochs: 5
	epsilon: 1e-06
	hidden_size: 32
	learning_rate: 0.0001
	loss: cross_entropy
	momentum: 0.5
	num_layers: 4
	optimizer: nadam
	weight_decay: 0.0005
	weight_init: random
2025-03-09 03:04:36 INFO About to run command: python main.py
2025-03-09 03:04:41 INFO Running runs: ['cx2izmqe']
2025-03-09 03:11:43 INFO Cleaning up finished run: cx2izmqe
2025-03-09 03:11:44 INFO Agent received command: run
2025-03-09 03:11:44 INFO Agent starting run with config:
	activation: ReLU
	batch_size: 32
	beta: 0.05
	beta1: 0.9
	beta2: 0.999
	epochs: 15
	epsilon: 1e-05
	hidden_size: 128
	learning_rate: 0.0001
	loss: cross_entropy
	momentum: 0.9
	num_layers: 6
	optimizer: nadam
	weight_decay: 0
	weight_init: Xavier
2025-03-09 03:11:44 INFO About to run command: python main.py
2025-03-09 03:11:49 INFO Running runs: ['1vw1cw1t']
2025-03-09 03:38:22 INFO Cleaning up finished run: sg2m22fi
2025-03-09 03:38:23 INFO Agent received command: run
2025-03-09 03:38:23 INFO Agent starting run with config:
	activation: ReLU
	batch_size: 64
	beta: 0.1
	beta1: 0.99
	beta2: 0.999
	epochs: 15
	epsilon: 1e-06
	hidden_size: 32
	learning_rate: 0.001
	loss: cross_entropy
	momentum: 0.5
	num_layers: 3
	optimizer: nadam
	weight_decay: 0
	weight_init: Xavier
2025-03-09 03:38:23 INFO About to run command: python main.py
2025-03-09 03:38:28 INFO Running runs: ['kqat8wuw']
2025-03-09 03:39:22 INFO Cleaning up finished run: 39vmltjo
2025-03-09 03:39:23 INFO Agent received command: run
2025-03-09 03:39:23 INFO Agent starting run with config:
	activation: ReLU
	batch_size: 64
	beta: 0.5
	beta1: 0.9
	beta2: 0.99
	epochs: 10
	epsilon: 1e-06
	hidden_size: 32
	learning_rate: 0.0001
	loss: cross_entropy
	momentum: 0.9
	num_layers: 3
	optimizer: adam
	weight_decay: 0
	weight_init: Xavier
2025-03-09 03:39:23 INFO About to run command: python main.py
2025-03-09 03:39:28 INFO Running runs: ['snsk0cyr']
2025-03-09 03:39:50 INFO Cleaning up finished run: lxg01r3d
2025-03-09 03:39:52 INFO Agent received command: run
2025-03-09 03:39:52 INFO Agent starting run with config:
	activation: ReLU
	batch_size: 64
	beta: 0.05
	beta1: 0.9
	beta2: 0.99
	epochs: 15
	epsilon: 1e-05
	hidden_size: 256
	learning_rate: 0.001
	loss: cross_entropy
	momentum: 0.1
	num_layers: 5
	optimizer: adam
	weight_decay: 0
	weight_init: Xavier
2025-03-09 03:39:52 INFO About to run command: python main.py
2025-03-09 03:39:57 INFO Running runs: ['4nythyjx']
2025-03-09 03:51:28 INFO Cleaning up finished run: snsk0cyr
2025-03-09 03:51:29 INFO Agent received command: run
2025-03-09 03:51:29 INFO Agent starting run with config:
	activation: ReLU
	batch_size: 16
	beta: 0.1
	beta1: 0.9
	beta2: 0.99
	epochs: 15
	epsilon: 1e-06
	hidden_size: 128
	learning_rate: 0.0001
	loss: cross_entropy
	momentum: 0.1
	num_layers: 4
	optimizer: nadam
	weight_decay: 0
	weight_init: random
2025-03-09 03:51:29 INFO About to run command: python main.py
2025-03-09 03:51:34 INFO Running runs: ['aie9a7qo']
2025-03-09 03:55:54 INFO Cleaning up finished run: kqat8wuw
2025-03-09 03:55:55 INFO Agent received command: run
2025-03-09 03:55:55 INFO Agent starting run with config:
	activation: ReLU
	batch_size: 16
	beta: 0.05
	beta1: 0.99
	beta2: 0.999
	epochs: 15
	epsilon: 1e-06
	hidden_size: 128
	learning_rate: 0.0001
	loss: cross_entropy
	momentum: 0.5
	num_layers: 6
	optimizer: rmsprop
	weight_decay: 0
	weight_init: Xavier
2025-03-09 03:55:55 INFO About to run command: python main.py
2025-03-09 03:56:00 INFO Running runs: ['a7l7vuco']
2025-03-09 04:16:19 INFO Running runs: []
2025-03-09 04:16:19 INFO Agent received command: run
2025-03-09 04:16:19 INFO Agent starting run with config:
	activation: tanh
	batch_size: 64
	beta: 0.01001029373356104
	beta1: 0.9845349885894776
	beta2: 0.9957191038650038
	epochs: 10
	epsilon: 1.5355367376415134e-06
	hidden_size: 64
	learning_rate: 4.7216744214516256e-05
	loss: cross_entropy
	momentum: 0.879646957736626
	num_layers: 5
	optimizer: nag
	weight_decay: 0.001
	weight_init: random
2025-03-09 04:16:19 INFO About to run command: python main.py
2025-03-09 04:16:24 INFO Running runs: ['0mg9l4km']
2025-03-09 04:19:53 INFO Running runs: []
2025-03-09 04:19:54 INFO Agent received command: run
2025-03-09 04:19:54 INFO Agent starting run with config:
	activation: tanh
	batch_size: 64
	beta: 0.01001029373356104
	beta1: 0.9845349885894776
	beta2: 0.9957191038650038
	epochs: 10
	epsilon: 1.5355367376415134e-06
	hidden_size: 64
	learning_rate: 4.7216744214516256e-05
	loss: cross_entropy
	momentum: 0.879646957736626
	num_layers: 5
	optimizer: sgd
	weight_decay: 0.001
	weight_init: random
2025-03-09 04:19:54 INFO About to run command: python main.py
2025-03-09 04:19:59 INFO Running runs: ['40b82qip']
2025-03-09 04:20:17 INFO Running runs: []
2025-03-09 04:20:17 INFO Agent received command: run
2025-03-09 04:20:17 INFO Agent starting run with config:
	activation: sigmoid
	batch_size: 16
	beta: 0.021047531945278575
	beta1: 0.9866546689387212
	beta2: 0.9965262889050712
	epochs: 10
	epsilon: 3.131662909555064e-06
	hidden_size: 64
	learning_rate: 0.00020969872922883224
	loss: cross_entropy
	momentum: 0.9224129502373796
	num_layers: 6
	optimizer: nag
	weight_decay: 0
	weight_init: random
2025-03-09 04:20:17 INFO About to run command: python main.py
2025-03-09 04:20:22 INFO Running runs: []
2025-03-09 04:20:22 INFO Running runs: ['upkcjaoc']
2025-03-09 04:20:23 INFO Agent received command: run
2025-03-09 04:20:23 INFO Agent starting run with config:
	activation: sigmoid
	batch_size: 32
	beta: 0.06256571114794876
	beta1: 0.9944252534014002
	beta2: 0.998964174699631
	epochs: 10
	epsilon: 1.0988381232775222e-06
	hidden_size: 64
	learning_rate: 1.4694193784414002e-05
	loss: cross_entropy
	momentum: 0.8221629581648479
	num_layers: 5
	optimizer: momentum
	weight_decay: 0.0001
	weight_init: random
2025-03-09 04:20:23 INFO About to run command: python main.py
2025-03-09 04:20:28 INFO Running runs: []
2025-03-09 04:20:28 INFO Running runs: ['wymd821a']
2025-03-09 04:20:28 INFO Agent received command: run
2025-03-09 04:20:28 INFO Agent starting run with config:
	activation: sigmoid
	batch_size: 32
	beta: 0.04767206676941771
	beta1: 0.9864003696680278
	beta2: 0.9954277859432202
	epochs: 10
	epsilon: 2.4505790039127124e-06
	hidden_size: 128
	learning_rate: 7.650542595316507e-05
	loss: cross_entropy
	momentum: 0.9731775941212372
	num_layers: 3
	optimizer: momentum
	weight_decay: 0.001
	weight_init: random
2025-03-09 04:20:28 INFO About to run command: python main.py
2025-03-09 04:20:33 INFO Running runs: ['po8gcr2d']
2025-03-09 04:20:37 INFO Running runs: []
2025-03-09 04:20:37 INFO Agent received command: run
2025-03-09 04:20:37 INFO Agent starting run with config:
	activation: ReLU
	batch_size: 32
	beta: 0.032062971997664426
	beta1: 0.9865015452454088
	beta2: 0.9993499888817496
	epochs: 10
	epsilon: 8.192565631790728e-06
	hidden_size: 128
	learning_rate: 0.0003863145060913007
	loss: cross_entropy
	momentum: 0.9332497014426208
	num_layers: 3
	optimizer: nadam
	weight_decay: 0.001
	weight_init: random
2025-03-09 04:20:37 INFO About to run command: python main.py
2025-03-09 04:20:42 INFO Running runs: ['dnjwagv5']
2025-03-09 04:20:45 INFO Running runs: []
2025-03-09 04:20:46 INFO Agent received command: run
2025-03-09 04:20:46 INFO Agent starting run with config:
	activation: tanh
	batch_size: 32
	beta: 0.0974598496449836
	beta1: 0.9835036581956952
	beta2: 0.9950794035245568
	epochs: 10
	epsilon: 3.128687150155642e-06
	hidden_size: 32
	learning_rate: 0.000328854704419177
	loss: cross_entropy
	momentum: 0.8053529795245202
	num_layers: 6
	optimizer: sgd
	weight_decay: 0.0001
	weight_init: random
2025-03-09 04:20:46 INFO About to run command: python main.py
2025-03-09 04:20:51 INFO Running runs: ['5u6sxbft']
2025-03-09 04:22:05 ERROR Traceback (most recent call last):
  File "C:\Users\shrey\AppData\Roaming\Python\Python311\site-packages\wandb\cli\cli.py", line 104, in wrapper
    return func(*args, **kwargs)
           ^^^^^^^^^^^^^^^^^^^^^
  File "C:\Users\shrey\AppData\Roaming\Python\Python311\site-packages\wandb\cli\cli.py", line 1669, in agent
    api = _get_cling_api()
          ^^^^^^^^^^^^^^^^
  File "C:\Users\shrey\AppData\Roaming\Python\Python311\site-packages\wandb\cli\cli.py", line 132, in _get_cling_api
    wandb.setup(settings=wandb.Settings(x_cli_only_mode=True))
  File "C:\Users\shrey\AppData\Roaming\Python\Python311\site-packages\wandb\sdk\wandb_setup.py", line 382, in setup
    return _setup(settings=settings)
           ^^^^^^^^^^^^^^^^^^^^^^^^^
  File "C:\Users\shrey\AppData\Roaming\Python\Python311\site-packages\wandb\sdk\wandb_setup.py", line 321, in _setup
    _singleton.ensure_service()
  File "C:\Users\shrey\AppData\Roaming\Python\Python311\site-packages\wandb\sdk\wandb_setup.py", line 264, in ensure_service
    self._connection = service_connection.connect_to_service(self._settings)
                       ^^^^^^^^^^^^^^^^^^^^^^^^^^^^^^^^^^^^^^^^^^^^^^^^^^^^^
  File "C:\Users\shrey\AppData\Roaming\Python\Python311\site-packages\wandb\sdk\lib\service_connection.py", line 40, in connect_to_service
    return _start_and_connect_service(settings)
           ^^^^^^^^^^^^^^^^^^^^^^^^^^^^^^^^^^^^
  File "C:\Users\shrey\AppData\Roaming\Python\Python311\site-packages\wandb\sdk\lib\service_connection.py", line 75, in _start_and_connect_service
    proc.start()
  File "C:\Users\shrey\AppData\Roaming\Python\Python311\site-packages\wandb\sdk\service\service.py", line 232, in start
    self._launch_server()
  File "C:\Users\shrey\AppData\Roaming\Python\Python311\site-packages\wandb\sdk\service\service.py", line 226, in _launch_server
    _sentry.reraise(e)
  File "C:\Users\shrey\AppData\Roaming\Python\Python311\site-packages\wandb\analytics\sentry.py", line 156, in reraise
    raise exc.with_traceback(sys.exc_info()[2])
  File "C:\Users\shrey\AppData\Roaming\Python\Python311\site-packages\wandb\sdk\service\service.py", line 224, in _launch_server
    self._wait_for_ports(fname, proc=internal_proc)
  File "C:\Users\shrey\AppData\Roaming\Python\Python311\site-packages\wandb\sdk\service\service.py", line 121, in _wait_for_ports
    raise ServiceStartTimeoutError(
wandb.sdk.service.service.ServiceStartTimeoutError: Timed out waiting for wandb service to start after 30.0 seconds. Try increasing the timeout with the `_service_wait` setting.

2025-03-09 04:22:16 INFO Cleaning up finished run: 5u6sxbft
2025-03-09 04:22:18 INFO Agent received command: run
2025-03-09 04:22:18 INFO Agent starting run with config:
	activation: sigmoid
	batch_size: 64
	beta: 0.020307613850139423
	beta1: 0.9862308642578465
	beta2: 0.9959676084792822
	epochs: 15
	epsilon: 4.154651658544862e-06
	hidden_size: 128
	learning_rate: 2.970233980925675e-05
	loss: cross_entropy
	momentum: 0.9693695735243943
	num_layers: 6
	optimizer: nag
	weight_decay: 0.001
	weight_init: random
2025-03-09 04:22:18 INFO About to run command: python main.py
2025-03-09 04:22:23 INFO Running runs: ['97babi08']
2025-03-09 04:40:14 INFO Cleaning up finished run: wymd821a
2025-03-09 04:40:16 INFO Agent received command: run
2025-03-09 04:40:16 INFO Agent starting run with config:
	activation: ReLU
	batch_size: 16
	beta: 0.03975505683847633
	beta1: 0.9896786874403252
	beta2: 0.9956342395373096
	epochs: 10
	epsilon: 2.411288493750879e-06
	hidden_size: 32
	learning_rate: 1.0696186510230992e-05
	loss: cross_entropy
	momentum: 0.960782501014412
	num_layers: 3
	optimizer: sgd
	weight_decay: 0.0005
	weight_init: random
2025-03-09 04:40:16 INFO About to run command: python main.py
2025-03-09 04:40:21 INFO Running runs: ['9ry9vvgt']
2025-03-09 04:41:47 INFO Cleaning up finished run: upkcjaoc
2025-03-09 04:41:50 INFO Agent received command: run
2025-03-09 04:41:50 INFO Agent starting run with config:
	activation: tanh
	batch_size: 64
	beta: 0.05898124540438736
	beta1: 0.9873546523263252
	beta2: 0.9963192605110316
	epochs: 15
	epsilon: 1.4351826466656207e-06
	hidden_size: 32
	learning_rate: 0.00014763528497886298
	loss: cross_entropy
	momentum: 0.8423394608113387
	num_layers: 4
	optimizer: momentum
	weight_decay: 0.001
	weight_init: Xavier
2025-03-09 04:41:50 INFO About to run command: python main.py
2025-03-09 04:41:55 INFO Running runs: ['oaizqban']
2025-03-09 04:57:36 INFO Cleaning up finished run: oaizqban
2025-03-09 04:57:37 INFO Agent received command: run
2025-03-09 04:57:37 INFO Agent starting run with config:
	activation: sigmoid
	batch_size: 16
	beta: 0.06857041423033902
	beta1: 0.9824090468185774
	beta2: 0.9971164269772518
	epochs: 15
	epsilon: 7.76242846229491e-06
	hidden_size: 128
	learning_rate: 4.713930952760226e-05
	loss: cross_entropy
	momentum: 0.9790675290185676
	num_layers: 5
	optimizer: adam
	weight_decay: 0.0001
	weight_init: random
2025-03-09 04:57:37 INFO About to run command: python main.py
2025-03-09 04:57:42 INFO Running runs: ['jty9k4lp']
2025-03-09 04:57:51 INFO Cleaning up finished run: 9ry9vvgt
2025-03-09 04:57:52 INFO Agent received command: run
2025-03-09 04:57:52 INFO Agent starting run with config:
	activation: ReLU
	batch_size: 16
	beta: 0.011347476383577498
	beta1: 0.9865445728363704
	beta2: 0.995544884912266
	epochs: 10
	epsilon: 7.0616717827779184e-06
	hidden_size: 128
	learning_rate: 2.061841574106391e-05
	loss: cross_entropy
	momentum: 0.8137692737308927
	num_layers: 3
	optimizer: sgd
	weight_decay: 0.0005
	weight_init: random
2025-03-09 04:57:52 INFO About to run command: python main.py
2025-03-09 04:57:57 INFO Running runs: ['36ya1del']
2025-03-09 05:00:35 INFO Cleaning up finished run: po8gcr2d
2025-03-09 05:00:38 INFO Agent received command: run
2025-03-09 05:00:38 INFO Agent starting run with config:
	activation: sigmoid
	batch_size: 32
	beta: 0.05028263711937611
	beta1: 0.9862250187791096
	beta2: 0.9957919246244864
	epochs: 10
	epsilon: 5.284179331301174e-06
	hidden_size: 64
	learning_rate: 0.0002155501745118335
	loss: cross_entropy
	momentum: 0.9495096744315452
	num_layers: 3
	optimizer: nadam
	weight_decay: 0.0005
	weight_init: Xavier
2025-03-09 05:00:38 INFO About to run command: python main.py
2025-03-09 05:00:43 INFO Running runs: ['ow883n30']
2025-03-09 05:01:10 INFO Cleaning up finished run: 40b82qip
2025-03-09 05:01:11 INFO Cleaning up finished run: dnjwagv5
2025-03-09 05:01:12 INFO Agent received command: run
2025-03-09 05:01:12 INFO Agent starting run with config:
	activation: ReLU
	batch_size: 16
	beta: 0.04162712759320376
	beta1: 0.9843467327001832
	beta2: 0.9959216696995538
	epochs: 15
	epsilon: 2.38050712642256e-06
	hidden_size: 64
	learning_rate: 0.00025887464268922717
	loss: cross_entropy
	momentum: 0.8841816986302894
	num_layers: 3
	optimizer: gd
	weight_decay: 0.0005
	weight_init: Xavier
2025-03-09 05:01:12 INFO About to run command: python main.py
2025-03-09 05:01:13 INFO Agent received command: run
2025-03-09 05:01:13 INFO Agent starting run with config:
	activation: ReLU
	batch_size: 16
	beta: 0.05971785910759169
	beta1: 0.991900972419372
	beta2: 0.995662491668532
	epochs: 15
	epsilon: 4.247752316412051e-06
	hidden_size: 128
	learning_rate: 1.713644790889834e-05
	loss: cross_entropy
	momentum: 0.8420186650247148
	num_layers: 3
	optimizer: rmsprop
	weight_decay: 0.0005
	weight_init: Xavier
2025-03-09 05:01:13 INFO About to run command: python main.py
2025-03-09 05:01:17 INFO Running runs: ['wu2emc9c']
2025-03-09 05:01:18 INFO Running runs: ['nmcw8vad']
2025-03-09 05:18:08 INFO Cleaning up finished run: ow883n30
2025-03-09 05:18:09 INFO Agent received command: run
2025-03-09 05:18:09 INFO Agent starting run with config:
	activation: sigmoid
	batch_size: 64
	beta: 0.06333478700627908
	beta1: 0.983819396655386
	beta2: 0.9963732760684264
	epochs: 10
	epsilon: 2.901592903337258e-06
	hidden_size: 64
	learning_rate: 4.138404690437241e-05
	loss: cross_entropy
	momentum: 0.960994041927872
	num_layers: 3
	optimizer: nadam
	weight_decay: 0.0005
	weight_init: Xavier
2025-03-09 05:18:09 INFO About to run command: python main.py
2025-03-09 05:18:14 INFO Running runs: ['853rjcep']
2025-03-09 05:22:18 INFO Cleaning up finished run: wu2emc9c
2025-03-09 05:22:18 INFO Agent received command: run
2025-03-09 05:22:18 INFO Agent starting run with config:
	activation: tanh
	batch_size: 32
	beta: 0.0974598496449836
	beta1: 0.9835036581956952
	beta2: 0.9950794035245568
	epochs: 10
	epsilon: 3.128687150155642e-06
	hidden_size: 32
	learning_rate: 0.000328854704419177
	loss: cross_entropy
	momentum: 0.8053529795245202
	num_layers: 6
	optimizer: sgd
	weight_decay: 0.0001
	weight_init: random
2025-03-09 05:22:18 INFO About to run command: python main.py
2025-03-09 05:22:23 INFO Running runs: ['5u6sxbft']
2025-03-09 05:35:24 INFO Cleaning up finished run: 853rjcep
2025-03-09 05:35:25 INFO Agent received command: run
2025-03-09 05:35:25 INFO Agent starting run with config:
	activation: tanh
	batch_size: 64
	beta: 0.038193008271121515
	beta1: 0.9866523694749084
	beta2: 0.9969072301675356
	epochs: 15
	epsilon: 8.105068790865768e-06
	hidden_size: 128
	learning_rate: 0.0002965266338137845
	loss: cross_entropy
	momentum: 0.9872376541004704
	num_layers: 5
	optimizer: nadam
	weight_decay: 0.001
	weight_init: Xavier
2025-03-09 05:35:25 INFO About to run command: python main.py
2025-03-09 05:35:30 INFO Running runs: ['figjuq22']
2025-03-09 05:39:56 INFO Cleaning up finished run: 36ya1del
2025-03-09 05:39:57 INFO Agent received command: run
2025-03-09 05:39:57 INFO Agent starting run with config:
	activation: sigmoid
	batch_size: 16
	beta: 0.08897247942464771
	beta1: 0.9860431523082992
	beta2: 0.996272977664484
	epochs: 15
	epsilon: 1.2327268880529211e-06
	hidden_size: 64
	learning_rate: 0.0004832120374988159
	loss: cross_entropy
	momentum: 0.9843132796223536
	num_layers: 4
	optimizer: nag
	weight_decay: 0.001
	weight_init: Xavier
2025-03-09 05:39:57 INFO About to run command: python main.py
2025-03-09 05:40:02 INFO Running runs: ['jdibe021']
2025-03-09 05:56:29 INFO Cleaning up finished run: 97babi08
2025-03-09 05:56:30 INFO Agent received command: run
2025-03-09 05:56:30 INFO Agent starting run with config:
	activation: tanh
	batch_size: 32
	beta: 0.08146672233108435
	beta1: 0.9838312300348578
	beta2: 0.9977765234564904
	epochs: 15
	epsilon: 2.8610371595530223e-06
	hidden_size: 128
	learning_rate: 0.00017906160569792928
	loss: cross_entropy
	momentum: 0.8542398970388609
	num_layers: 3
	optimizer: nadam
	weight_decay: 0.0005
	weight_init: Xavier
2025-03-09 05:56:30 INFO About to run command: python main.py
2025-03-09 05:56:32 INFO Cleaning up finished run: nmcw8vad
2025-03-09 05:56:33 INFO Agent received command: run
2025-03-09 05:56:33 INFO Agent starting run with config:
	activation: tanh
	batch_size: 16
	beta: 0.057958565143689855
	beta1: 0.9903947343524094
	beta2: 0.9959662112732928
	epochs: 15
	epsilon: 3.3615000049925e-06
	hidden_size: 64
	learning_rate: 0.000299597544754055
	loss: cross_entropy
	momentum: 0.9820504648046716
	num_layers: 4
	optimizer: adam
	weight_decay: 0.001
	weight_init: Xavier
2025-03-09 05:56:33 INFO About to run command: python main.py
2025-03-09 05:56:35 INFO Running runs: ['3vjpr1nt']
2025-03-09 05:56:38 INFO Running runs: ['2lqj7d8f']
2025-03-09 05:59:40 INFO Cleaning up finished run: 5u6sxbft
2025-03-09 05:59:41 INFO Agent received command: run
2025-03-09 05:59:41 INFO Agent starting run with config:
	activation: tanh
	batch_size: 16
	beta: 0.04526714976407904
	beta1: 0.9890547667245516
	beta2: 0.9953982360328582
	epochs: 15
	epsilon: 2.853803102898869e-06
	hidden_size: 128
	learning_rate: 0.0002460122857795389
	loss: cross_entropy
	momentum: 0.8845213056395054
	num_layers: 5
	optimizer: nadam
	weight_decay: 0.001
	weight_init: Xavier
2025-03-09 05:59:41 INFO About to run command: python main.py
2025-03-09 05:59:46 INFO Running runs: ['wzi417uw']
2025-03-09 06:04:47 INFO Cleaning up finished run: jdibe021
2025-03-09 06:04:47 INFO Agent received command: run
2025-03-09 06:04:47 INFO Agent starting run with config:
	activation: tanh
	batch_size: 32
	beta: 0.011564811799452304
	beta1: 0.9862765952206762
	beta2: 0.9970555111023106
	epochs: 15
	epsilon: 5.554696303609681e-06
	hidden_size: 128
	learning_rate: 7.918868044731254e-05
	loss: cross_entropy
	momentum: 0.9534088893212678
	num_layers: 3
	optimizer: rmsprop
	weight_decay: 0.0001
	weight_init: Xavier
2025-03-09 06:04:47 INFO About to run command: python main.py
2025-03-09 06:04:52 INFO Running runs: ['yvhrr5nb']
2025-03-09 06:25:26 INFO Cleaning up finished run: 2lqj7d8f
2025-03-09 06:25:27 INFO Agent received command: run
2025-03-09 06:25:27 INFO Agent starting run with config:
	activation: sigmoid
	batch_size: 16
	beta: 0.04793467131609392
	beta1: 0.988301407125184
	beta2: 0.9971863125066592
	epochs: 15
	epsilon: 1.4503911038090752e-06
	hidden_size: 64
	learning_rate: 0.0004282712081785744
	loss: cross_entropy
	momentum: 0.955194050511724
	num_layers: 3
	optimizer: nadam
	weight_decay: 0.0001
	weight_init: Xavier
2025-03-09 06:25:27 INFO About to run command: python main.py
2025-03-09 06:25:32 INFO Running runs: ['yaf7ulze']
2025-03-09 06:26:13 INFO Cleaning up finished run: jty9k4lp
2025-03-09 06:26:14 INFO Agent received command: run
2025-03-09 06:26:14 INFO Agent starting run with config:
	activation: tanh
	batch_size: 64
	beta: 0.025575900996758025
	beta1: 0.9929839021766476
	beta2: 0.997369101410873
	epochs: 15
	epsilon: 9.181308559366731e-06
	hidden_size: 128
	learning_rate: 0.0004836889940136203
	loss: cross_entropy
	momentum: 0.9139166372346812
	num_layers: 3
	optimizer: rmsprop
	weight_decay: 0.0001
	weight_init: Xavier
2025-03-09 06:26:14 INFO About to run command: python main.py
2025-03-09 06:26:19 INFO Running runs: ['3r877939']
2025-03-09 06:51:38 INFO Cleaning up finished run: yaf7ulze
2025-03-09 06:51:39 INFO Agent received command: run
2025-03-09 06:51:39 INFO Agent starting run with config:
	activation: ReLU
	batch_size: 16
	beta: 0.029797562169239303
	beta1: 0.9868586128274376
	beta2: 0.995699881230613
	epochs: 15
	epsilon: 5.427247700725617e-06
	hidden_size: 128
	learning_rate: 0.00021356641730131595
	loss: cross_entropy
	momentum: 0.9151989817060812
	num_layers: 3
	optimizer: nadam
	weight_decay: 0.0001
	weight_init: Xavier
2025-03-09 06:51:39 INFO About to run command: python main.py
2025-03-09 06:51:44 INFO Running runs: ['12jiw0cv']
2025-03-09 06:59:45 INFO Cleaning up finished run: 3vjpr1nt
2025-03-09 06:59:46 INFO Agent received command: run
2025-03-09 06:59:46 INFO Agent starting run with config:
	activation: ReLU
	batch_size: 16
	beta: 0.030509541670956056
	beta1: 0.986899084652979
	beta2: 0.998835922384854
	epochs: 15
	epsilon: 9.636409595914973e-06
	hidden_size: 128
	learning_rate: 0.00025978128859071713
	loss: cross_entropy
	momentum: 0.8874651961964366
	num_layers: 3
	optimizer: nadam
	weight_decay: 0.0005
	weight_init: Xavier
2025-03-09 06:59:46 INFO About to run command: python main.py
2025-03-09 06:59:51 INFO Running runs: ['cmja83cz']
2025-03-09 07:01:09 INFO Cleaning up finished run: figjuq22
2025-03-09 07:01:10 INFO Agent received command: run
2025-03-09 07:01:10 INFO Agent starting run with config:
	activation: tanh
	batch_size: 32
	beta: 0.01715447631841027
	beta1: 0.9907680279134712
	beta2: 0.9969324668725889
	epochs: 15
	epsilon: 8.762367262671813e-06
	hidden_size: 128
	learning_rate: 0.00045380889722810544
	loss: cross_entropy
	momentum: 0.930262729134148
	num_layers: 4
	optimizer: adam
	weight_decay: 0
	weight_init: Xavier
2025-03-09 07:01:10 INFO About to run command: python main.py
2025-03-09 07:01:15 INFO Running runs: ['z6oweztn']
2025-03-09 07:06:04 INFO Cleaning up finished run: yvhrr5nb
2025-03-09 07:06:04 INFO Agent received command: run
2025-03-09 07:06:04 INFO Agent starting run with config:
	activation: tanh
	batch_size: 32
	beta: 0.05353998765248775
	beta1: 0.9870925178341964
	beta2: 0.9987788319105602
	epochs: 15
	epsilon: 5.313226888344697e-06
	hidden_size: 128
	learning_rate: 0.00037890068700969414
	loss: cross_entropy
	momentum: 0.9792642007548638
	num_layers: 6
	optimizer: nadam
	weight_decay: 0.001
	weight_init: Xavier
2025-03-09 07:06:04 INFO About to run command: python main.py
2025-03-09 07:06:09 INFO Running runs: ['1sialvxy']
2025-03-09 07:26:58 INFO Cleaning up finished run: 3r877939
2025-03-09 07:26:59 INFO Agent received command: run
2025-03-09 07:26:59 INFO Agent starting run with config:
	activation: ReLU
	batch_size: 32
	beta: 0.07431275333417509
	beta1: 0.9888491530042852
	beta2: 0.9958043043024656
	epochs: 15
	epsilon: 7.543464665471729e-06
	hidden_size: 128
	learning_rate: 0.00032959494515422594
	loss: cross_entropy
	momentum: 0.9217362993530512
	num_layers: 3
	optimizer: nag
	weight_decay: 0.001
	weight_init: Xavier
2025-03-09 07:26:59 INFO About to run command: python main.py
2025-03-09 07:27:04 INFO Running runs: ['wzvy8si5']
2025-03-09 07:34:09 INFO Cleaning up finished run: wzi417uw
2025-03-09 07:34:10 INFO Agent received command: run
2025-03-09 07:34:10 INFO Agent starting run with config:
	activation: sigmoid
	batch_size: 16
	beta: 0.09480097013993195
	beta1: 0.9842476803865148
	beta2: 0.9984307006168311
	epochs: 15
	epsilon: 7.478109940471819e-06
	hidden_size: 128
	learning_rate: 0.00017124032329303969
	loss: cross_entropy
	momentum: 0.9535407395492094
	num_layers: 3
	optimizer: nag
	weight_decay: 0.0001
	weight_init: Xavier
2025-03-09 07:34:10 INFO About to run command: python main.py
2025-03-09 07:34:15 INFO Running runs: ['nz79a0yn']
2025-03-09 07:53:43 INFO Cleaning up finished run: 12jiw0cv
2025-03-09 07:53:44 INFO Agent received command: run
2025-03-09 07:53:44 INFO Agent starting run with config:
	activation: sigmoid
	batch_size: 16
	beta: 0.051976922706061954
	beta1: 0.9849773358937236
	beta2: 0.9981655876156929
	epochs: 15
	epsilon: 8.100955433815836e-06
	hidden_size: 64
	learning_rate: 0.00019638204837116053
	loss: cross_entropy
	momentum: 0.882959225077811
	num_layers: 3
	optimizer: nag
	weight_decay: 0.001
	weight_init: Xavier
2025-03-09 07:53:44 INFO About to run command: python main.py
2025-03-09 07:53:49 INFO Running runs: ['6tqjop88']
2025-03-09 08:02:01 INFO Cleaning up finished run: cmja83cz
2025-03-09 08:02:02 INFO Agent received command: run
2025-03-09 08:02:02 INFO Agent starting run with config:
	activation: sigmoid
	batch_size: 32
	beta: 0.09118511427739064
	beta1: 0.9823831468186176
	beta2: 0.9979410385896732
	epochs: 15
	epsilon: 5.182065229647604e-06
	hidden_size: 128
	learning_rate: 0.0004221446708305479
	loss: cross_entropy
	momentum: 0.9751071292856304
	num_layers: 4
	optimizer: nadam
	weight_decay: 0.001
	weight_init: Xavier
2025-03-09 08:02:02 INFO About to run command: python main.py
2025-03-09 08:02:07 INFO Running runs: ['yi4cqkft']
2025-03-09 08:17:51 INFO Cleaning up finished run: 6tqjop88
2025-03-09 08:17:52 INFO Agent received command: run
2025-03-09 08:17:52 INFO Agent starting run with config:
	activation: tanh
	batch_size: 32
	beta: 0.030474919460651777
	beta1: 0.9836661493881884
	beta2: 0.997243776582588
	epochs: 10
	epsilon: 1.1049798701216668e-06
	hidden_size: 128
	learning_rate: 0.0004685979181880845
	loss: cross_entropy
	momentum: 0.9866840242536098
	num_layers: 5
	optimizer: nadam
	weight_decay: 0
	weight_init: Xavier
2025-03-09 08:17:52 INFO About to run command: python main.py
2025-03-09 08:17:57 INFO Running runs: ['2amfr9xk']
2025-03-09 08:18:10 INFO Cleaning up finished run: z6oweztn
2025-03-09 08:18:11 INFO Agent received command: run
2025-03-09 08:18:11 INFO Agent starting run with config:
	activation: tanh
	batch_size: 16
	beta: 0.052075341576338786
	beta1: 0.993721675262383
	beta2: 0.9969008218968188
	epochs: 15
	epsilon: 9.257451274382617e-06
	hidden_size: 128
	learning_rate: 0.00022815487286809223
	loss: cross_entropy
	momentum: 0.9644836423374116
	num_layers: 6
	optimizer: nadam
	weight_decay: 0.0005
	weight_init: Xavier
2025-03-09 08:18:11 INFO About to run command: python main.py
2025-03-09 08:18:16 INFO Running runs: ['5zgivyoo']
2025-03-09 08:24:58 INFO Cleaning up finished run: wzvy8si5
2025-03-09 08:24:59 INFO Agent received command: run
2025-03-09 08:24:59 INFO Agent starting run with config:
	activation: tanh
	batch_size: 64
	beta: 0.09745527519133158
	beta1: 0.9939729418407276
	beta2: 0.9994574202799716
	epochs: 15
	epsilon: 1.3276206511848131e-06
	hidden_size: 128
	learning_rate: 0.00035383514352637377
	loss: cross_entropy
	momentum: 0.9731428420850324
	num_layers: 3
	optimizer: adam
	weight_decay: 0
	weight_init: Xavier
2025-03-09 08:24:59 INFO About to run command: python main.py
2025-03-09 08:25:04 INFO Running runs: ['zgo413c1']
2025-03-09 08:34:32 INFO Cleaning up finished run: nz79a0yn
2025-03-09 08:34:33 INFO Agent received command: run
2025-03-09 08:34:33 INFO Agent starting run with config:
	activation: ReLU
	batch_size: 64
	beta: 0.09759502615162134
	beta1: 0.9890936770284984
	beta2: 0.9968969607795156
	epochs: 15
	epsilon: 6.594471496985842e-06
	hidden_size: 128
	learning_rate: 0.00047191593005022314
	loss: cross_entropy
	momentum: 0.9487183010970724
	num_layers: 3
	optimizer: nadam
	weight_decay: 0.0001
	weight_init: Xavier
2025-03-09 08:34:33 INFO About to run command: python main.py
2025-03-09 08:34:38 INFO Running runs: ['x9bqzl8n']
2025-03-09 08:48:19 INFO Cleaning up finished run: 1sialvxy
2025-03-09 08:48:19 INFO Agent received command: run
2025-03-09 08:48:19 INFO Agent starting run with config:
	activation: ReLU
	batch_size: 64
	beta: 0.08915593718836644
	beta1: 0.9899383950850827
	beta2: 0.9956203407479656
	epochs: 15
	epsilon: 1.3236781050492196e-06
	hidden_size: 64
	learning_rate: 0.0004642697887858732
	loss: cross_entropy
	momentum: 0.9284545638008962
	num_layers: 3
	optimizer: rmsprop
	weight_decay: 0.001
	weight_init: Xavier
2025-03-09 08:48:19 INFO About to run command: python main.py
2025-03-09 08:48:24 INFO Running runs: ['23b7vksc']
2025-03-09 09:12:13 INFO Cleaning up finished run: 23b7vksc
2025-03-09 09:12:14 INFO Agent received command: run
2025-03-09 09:12:14 INFO Agent starting run with config:
	activation: ReLU
	batch_size: 64
	beta: 0.017832002124649637
	beta1: 0.9891070707748816
	beta2: 0.9964478924462652
	epochs: 15
	epsilon: 4.312895924937286e-06
	hidden_size: 128
	learning_rate: 0.0004103173828853866
	loss: cross_entropy
	momentum: 0.9524518152036966
	num_layers: 5
	optimizer: nadam
	weight_decay: 0
	weight_init: Xavier
2025-03-09 09:12:14 INFO About to run command: python main.py
2025-03-09 09:12:19 INFO Running runs: ['2d58qpna']
2025-03-09 09:17:47 INFO Cleaning up finished run: yi4cqkft
2025-03-09 09:17:49 INFO Agent received command: run
2025-03-09 09:17:49 INFO Agent starting run with config:
	activation: sigmoid
	batch_size: 32
	beta: 0.08819888205675755
	beta1: 0.9925513247891518
	beta2: 0.9968764632644128
	epochs: 15
	epsilon: 3.8307907709113016e-06
	hidden_size: 128
	learning_rate: 0.0004097528385750248
	loss: cross_entropy
	momentum: 0.952072972715858
	num_layers: 3
	optimizer: adam
	weight_decay: 0
	weight_init: Xavier
2025-03-09 09:17:49 INFO About to run command: python main.py
2025-03-09 09:17:54 INFO Running runs: ['izwfop75']
2025-03-09 09:18:04 INFO Cleaning up finished run: 2amfr9xk
2025-03-09 09:18:05 INFO Agent received command: run
2025-03-09 09:18:05 INFO Agent starting run with config:
	activation: tanh
	batch_size: 32
	beta: 0.07090017038804722
	beta1: 0.984557743320582
	beta2: 0.996824915300644
	epochs: 15
	epsilon: 3.919547041312177e-06
	hidden_size: 128
	learning_rate: 0.000344410305312974
	loss: cross_entropy
	momentum: 0.9847424840727368
	num_layers: 3
	optimizer: nadam
	weight_decay: 0.001
	weight_init: Xavier
2025-03-09 09:18:05 INFO About to run command: python main.py
2025-03-09 09:18:10 INFO Running runs: ['oog4ykw4']
2025-03-09 09:27:25 INFO Cleaning up finished run: zgo413c1
2025-03-09 09:27:25 INFO Agent received command: run
2025-03-09 09:27:25 INFO Agent starting run with config:
	activation: tanh
	batch_size: 16
	beta: 0.015695028573213716
	beta1: 0.9939570079021962
	beta2: 0.9957738732771644
	epochs: 15
	epsilon: 1.0539951287246925e-06
	hidden_size: 128
	learning_rate: 0.0003358235289177704
	loss: cross_entropy
	momentum: 0.9563810190729494
	num_layers: 5
	optimizer: nadam
	weight_decay: 0.0005
	weight_init: Xavier
2025-03-09 09:27:25 INFO About to run command: python main.py
2025-03-09 09:27:30 INFO Running runs: ['x9uakgsm']
2025-03-09 09:33:55 INFO Cleaning up finished run: x9bqzl8n
2025-03-09 09:33:56 INFO Agent received command: run
2025-03-09 09:33:56 INFO Agent starting run with config:
	activation: tanh
	batch_size: 32
	beta: 0.059711800453215544
	beta1: 0.9912861793216456
	beta2: 0.9982486894671256
	epochs: 15
	epsilon: 2.965663513265211e-06
	hidden_size: 128
	learning_rate: 0.00024056676590147424
	loss: cross_entropy
	momentum: 0.9673048381736516
	num_layers: 5
	optimizer: adam
	weight_decay: 0
	weight_init: Xavier
2025-03-09 09:33:56 INFO About to run command: python main.py
2025-03-09 09:34:01 INFO Running runs: ['u7epaw99']
2025-03-09 10:16:49 INFO Cleaning up finished run: 5zgivyoo
2025-03-09 10:16:50 INFO Agent received command: run
2025-03-09 10:16:50 INFO Agent starting run with config:
	activation: tanh
	batch_size: 32
	beta: 0.03433057878059331
	beta1: 0.988492288303636
	beta2: 0.9959525115406204
	epochs: 15
	epsilon: 3.043496177036336e-06
	hidden_size: 128
	learning_rate: 0.00012623893706970184
	loss: cross_entropy
	momentum: 0.950608372678629
	num_layers: 3
	optimizer: adam
	weight_decay: 0
	weight_init: Xavier
2025-03-09 10:16:50 INFO About to run command: python main.py
2025-03-09 10:16:55 INFO Running runs: ['hmyeab3h']
2025-03-09 10:30:10 INFO Cleaning up finished run: izwfop75
2025-03-09 10:30:10 INFO Agent received command: run
2025-03-09 10:30:10 INFO Agent starting run with config:
	activation: sigmoid
	batch_size: 32
	beta: 0.05372633942213916
	beta1: 0.9877145597421486
	beta2: 0.9978911191218532
	epochs: 15
	epsilon: 1.1117012174164418e-06
	hidden_size: 128
	learning_rate: 0.0004144111780761874
	loss: cross_entropy
	momentum: 0.9567757906392964
	num_layers: 5
	optimizer: adam
	weight_decay: 0.0001
	weight_init: random
2025-03-09 10:30:10 INFO About to run command: python main.py
2025-03-09 10:30:15 INFO Running runs: ['ttg9mfcq']
2025-03-09 10:32:12 INFO Cleaning up finished run: oog4ykw4
2025-03-09 10:32:12 INFO Agent received command: run
2025-03-09 10:32:12 INFO Agent starting run with config:
	activation: sigmoid
	batch_size: 64
	beta: 0.0269578791288079
	beta1: 0.9901539994366136
	beta2: 0.9960052633797368
	epochs: 15
	epsilon: 4.625550484048235e-06
	hidden_size: 64
	learning_rate: 0.0004672980168885839
	loss: cross_entropy
	momentum: 0.969839137481658
	num_layers: 4
	optimizer: adam
	weight_decay: 0.0001
	weight_init: Xavier
2025-03-09 10:32:12 INFO About to run command: python main.py
2025-03-09 10:32:18 INFO Running runs: ['e9w8xx5i']
2025-03-09 10:34:53 INFO Agent received command: stop
2025-03-09 10:34:53 INFO Stop: ttg9mfcq
2025-03-09 10:42:41 INFO Cleaning up finished run: 2d58qpna
2025-03-09 10:42:42 INFO Agent received command: run
2025-03-09 10:42:42 INFO Agent starting run with config:
	activation: sigmoid
	batch_size: 64
	beta: 0.034772121592775
	beta1: 0.9904362084195064
	beta2: 0.9956870864512682
	epochs: 15
	epsilon: 2.7891622614845106e-06
	hidden_size: 128
	learning_rate: 0.00017776757425371433
	loss: cross_entropy
	momentum: 0.9718566947983702
	num_layers: 4
	optimizer: nadam
	weight_decay: 0.0005
	weight_init: Xavier
2025-03-09 10:42:42 INFO About to run command: python main.py
2025-03-09 10:42:47 INFO Running runs: ['yxzgaiga']
2025-03-09 11:04:32 INFO Cleaning up finished run: u7epaw99
2025-03-09 11:04:33 INFO Agent received command: run
2025-03-09 11:04:33 INFO Agent starting run with config:
	activation: sigmoid
	batch_size: 64
	beta: 0.03967402847670504
	beta1: 0.9850239452662992
	beta2: 0.9983690510647014
	epochs: 15
	epsilon: 3.813939408670654e-06
	hidden_size: 128
	learning_rate: 0.00047644221086482526
	loss: cross_entropy
	momentum: 0.977831937678852
	num_layers: 6
	optimizer: rmsprop
	weight_decay: 0.0001
	weight_init: Xavier
2025-03-09 11:04:33 INFO About to run command: python main.py
2025-03-09 11:04:38 INFO Running runs: ['pwylw010']
2025-03-09 11:05:26 INFO Cleaning up finished run: x9uakgsm
2025-03-09 11:05:26 INFO Agent received command: run
2025-03-09 11:05:26 INFO Agent starting run with config:
	activation: sigmoid
	batch_size: 16
	beta: 0.023400986545679237
	beta1: 0.98599094479367
	beta2: 0.9993113527783228
	epochs: 15
	epsilon: 2.596214344654778e-06
	hidden_size: 128
	learning_rate: 0.00016737941794262254
	loss: cross_entropy
	momentum: 0.9732733234230038
	num_layers: 4
	optimizer: nadam
	weight_decay: 0
	weight_init: random
2025-03-09 11:05:26 INFO About to run command: python main.py
2025-03-09 11:05:32 INFO Running runs: ['0g87og09']
2025-03-09 11:09:40 INFO Cleaning up finished run: hmyeab3h
2025-03-09 11:09:41 INFO Agent received command: run
2025-03-09 11:09:41 INFO Agent starting run with config:
	activation: ReLU
	batch_size: 32
	beta: 0.010176131877773055
	beta1: 0.9808965672035056
	beta2: 0.99721027847742
	epochs: 15
	epsilon: 2.992677326706897e-06
	hidden_size: 128
	learning_rate: 0.0004746495818373651
	loss: cross_entropy
	momentum: 0.9105623591185392
	num_layers: 6
	optimizer: nadam
	weight_decay: 0.0001
	weight_init: Xavier
2025-03-09 11:09:41 INFO About to run command: python main.py
2025-03-09 11:09:46 INFO Running runs: ['37bbousg']
2025-03-10 00:48:56 INFO Running runs: []
2025-03-10 00:48:56 INFO Agent received command: run
2025-03-10 00:48:56 INFO Agent starting run with config:
	activation: sigmoid
	batch_size: 64
	beta: 0.039130367279340106
	beta1: 0.981725303001232
	beta2: 0.9957515181348072
	epochs: 15
	epsilon: 1.589495889799426e-06
	hidden_size: 64
	learning_rate: 6.902476783572913e-05
	loss: mean_squared_error
	momentum: 0.9528450217074422
	num_layers: 6
	optimizer: momentum
	weight_decay: 0.0005
	weight_init: random
2025-03-10 00:48:56 INFO About to run command: python train.py
2025-03-10 00:49:01 INFO Running runs: ['aqthfl7h']
2025-03-10 00:49:11 INFO Running runs: []
2025-03-10 00:49:12 INFO Agent received command: run
2025-03-10 00:49:12 INFO Agent starting run with config:
	activation: ReLU
	batch_size: 16
	beta: 0.024010404270448725
	beta1: 0.993620905254294
	beta2: 0.998190007189402
	epochs: 10
	epsilon: 1.6112217803596283e-06
	hidden_size: 128
	learning_rate: 0.00011811137799201366
	loss: mean_squared_error
	momentum: 0.8485864334798608
	num_layers: 4
	optimizer: sgd
	weight_decay: 0.0005
	weight_init: random
2025-03-10 00:49:12 INFO About to run command: python train.py
2025-03-10 00:49:17 INFO Running runs: ['t8bo4yfk']
2025-03-10 00:49:22 INFO Running runs: []
2025-03-10 00:49:22 INFO Agent received command: run
2025-03-10 00:49:22 INFO Agent starting run with config:
	activation: sigmoid
	batch_size: 16
	beta: 0.06958143149552884
	beta1: 0.9815747648404544
	beta2: 0.9959233222746448
	epochs: 10
	epsilon: 2.249856009488587e-06
	hidden_size: 64
	learning_rate: 1.9753117009550936e-05
	loss: mean_squared_error
	momentum: 0.965974796642986
	num_layers: 5
	optimizer: sgd
	weight_decay: 0.0005
	weight_init: random
2025-03-10 00:49:22 INFO About to run command: python train.py
2025-03-10 00:49:27 INFO Running runs: ['j2y9u9v5']
2025-03-10 00:49:37 INFO Running runs: []
2025-03-10 00:49:37 INFO Agent received command: run
2025-03-10 00:49:37 INFO Agent starting run with config:
	activation: sigmoid
	batch_size: 32
	beta: 0.07014189974931961
	beta1: 0.9818967654717548
	beta2: 0.9955367244927166
	epochs: 10
	epsilon: 2.9418340808779944e-06
	hidden_size: 128
	learning_rate: 7.453432193381975e-05
	loss: mean_squared_error
	momentum: 0.8672184348463534
	num_layers: 5
	optimizer: adam
	weight_decay: 0
	weight_init: Xavier
2025-03-10 00:49:37 INFO About to run command: python train.py
2025-03-10 00:49:42 INFO Running runs: ['aru3redf']
2025-03-10 01:15:48 INFO Cleaning up finished run: aqthfl7h
2025-03-10 01:15:50 INFO Agent received command: run
2025-03-10 01:15:50 INFO Agent starting run with config:
	activation: tanh
	batch_size: 16
	beta: 0.08912238646395546
	beta1: 0.9834339178484514
	beta2: 0.9978683517908118
	epochs: 15
	epsilon: 5.396747489387253e-06
	hidden_size: 32
	learning_rate: 0.00011926068266919866
	loss: mean_squared_error
	momentum: 0.976130338947692
	num_layers: 5
	optimizer: momentum
	weight_decay: 0.0005
	weight_init: Xavier
2025-03-10 01:15:50 INFO About to run command: python train.py
2025-03-10 01:15:55 INFO Running runs: ['gkxh2io0']
2025-03-10 01:23:08 INFO Running runs: []
2025-03-10 01:23:09 INFO Agent received command: run
2025-03-10 01:23:09 INFO Agent starting run with config:
	activation: tanh
	batch_size: 64
	beta: 0.01001029373356104
	beta1: 0.9845349885894776
	beta2: 0.9957191038650038
	epochs: 10
	epsilon: 1.5355367376415134e-06
	hidden_size: 64
	learning_rate: 4.7216744214516256e-05
	loss: mean_squared_error
	momentum: 0.879646957736626
	num_layers: 5
	optimizer: sgd
	weight_decay: 0.001
	weight_init: random
2025-03-10 01:23:09 INFO About to run command: python train.py
2025-03-10 01:23:14 INFO Running runs: ['x2zoaej4']
2025-03-10 01:23:37 INFO Running runs: []
2025-03-10 01:23:38 INFO Agent received command: run
2025-03-10 01:23:38 INFO Agent starting run with config:
	activation: ReLU
	batch_size: 16
	beta: 0.09850164817740564
	beta1: 0.9919849643673624
	beta2: 0.9992424386293254
	epochs: 10
	epsilon: 1.573769891798242e-06
	hidden_size: 128
	learning_rate: 1.6889627273036933e-05
	loss: mean_squared_error
	momentum: 0.9245712848718028
	num_layers: 3
	optimizer: nag
	weight_decay: 0.0005
	weight_init: random
2025-03-10 01:23:38 INFO About to run command: python train.py
2025-03-10 01:23:42 INFO Running runs: []
2025-03-10 01:23:43 INFO Running runs: ['r5jdrhcg']
2025-03-10 01:23:43 INFO Agent received command: run
2025-03-10 01:23:43 INFO Agent starting run with config:
	activation: sigmoid
	batch_size: 32
	beta: 0.04044923241463698
	beta1: 0.9949464574152816
	beta2: 0.9976561434703628
	epochs: 10
	epsilon: 2.5613348210518375e-06
	hidden_size: 32
	learning_rate: 7.990141438245187e-05
	loss: mean_squared_error
	momentum: 0.9281974100137635
	num_layers: 4
	optimizer: adam
	weight_decay: 0.001
	weight_init: Xavier
2025-03-10 01:23:43 INFO About to run command: python train.py
2025-03-10 01:23:47 INFO Running runs: []
2025-03-10 01:23:47 INFO Agent received command: run
2025-03-10 01:23:47 INFO Agent starting run with config:
	activation: sigmoid
	batch_size: 16
	beta: 0.040063256728074766
	beta1: 0.9825037303061772
	beta2: 0.9966727395236776
	epochs: 15
	epsilon: 6.842878237900694e-06
	hidden_size: 64
	learning_rate: 0.0002881377256816116
	loss: mean_squared_error
	momentum: 0.8813868718953681
	num_layers: 4
	optimizer: rmsprop
	weight_decay: 0.0001
	weight_init: Xavier
2025-03-10 01:23:47 INFO About to run command: python train.py
2025-03-10 01:23:48 INFO Running runs: ['zjt7sif3']
2025-03-10 01:23:52 INFO Running runs: ['3lb9t3v6']
2025-03-10 01:23:54 INFO Running runs: []
2025-03-10 01:23:55 INFO Agent received command: run
2025-03-10 01:23:55 INFO Agent starting run with config:
	activation: ReLU
	batch_size: 64
	beta: 0.02612030466144676
	beta1: 0.989623503423019
	beta2: 0.9973736683125086
	epochs: 10
	epsilon: 1.5687381036350265e-06
	hidden_size: 128
	learning_rate: 1.1187375048732132e-05
	loss: mean_squared_error
	momentum: 0.9683880440884972
	num_layers: 3
	optimizer: nadam
	weight_decay: 0
	weight_init: Xavier
2025-03-10 01:23:55 INFO About to run command: python train.py
2025-03-10 01:24:00 INFO Running runs: ['m0pbti44']
2025-03-10 01:32:01 INFO Cleaning up finished run: zjt7sif3
2025-03-10 01:32:02 INFO Agent received command: run
2025-03-10 01:32:02 INFO Agent starting run with config:
	activation: sigmoid
	batch_size: 64
	beta: 0.05591167906261537
	beta1: 0.9917807436419288
	beta2: 0.9985651336627976
	epochs: 10
	epsilon: 1.7187893961298625e-06
	hidden_size: 64
	learning_rate: 9.299395893648731e-05
	loss: mean_squared_error
	momentum: 0.8123710254247967
	num_layers: 3
	optimizer: nag
	weight_decay: 0
	weight_init: Xavier
2025-03-10 01:32:02 INFO About to run command: python train.py
2025-03-10 01:32:07 INFO Running runs: ['j9ehsktj']
2025-03-10 01:44:40 INFO Cleaning up finished run: 3lb9t3v6
2025-03-10 01:44:42 INFO Agent received command: run
2025-03-10 01:44:42 INFO Agent starting run with config:
	activation: tanh
	batch_size: 64
	beta: 0.06634985617608712
	beta1: 0.9868496872349533
	beta2: 0.9955339100506652
	epochs: 10
	epsilon: 8.443100740463748e-06
	hidden_size: 128
	learning_rate: 4.5791776600943874e-05
	loss: mean_squared_error
	momentum: 0.8302713286525586
	num_layers: 5
	optimizer: nadam
	weight_decay: 0.001
	weight_init: Xavier
2025-03-10 01:44:42 INFO About to run command: python train.py
2025-03-10 01:44:47 INFO Running runs: ['j5zbez3f']
2025-03-10 01:45:29 INFO Cleaning up finished run: j9ehsktj
2025-03-10 01:45:30 INFO Agent received command: run
2025-03-10 01:45:30 INFO Agent starting run with config:
	activation: tanh
	batch_size: 32
	beta: 0.031424961503174365
	beta1: 0.9883510477855432
	beta2: 0.9970641160508046
	epochs: 15
	epsilon: 8.077866344235785e-06
	hidden_size: 64
	learning_rate: 0.0001195357060999686
	loss: mean_squared_error
	momentum: 0.9166305434134864
	num_layers: 6
	optimizer: nag
	weight_decay: 0.0001
	weight_init: Xavier
2025-03-10 01:45:30 INFO About to run command: python train.py
2025-03-10 01:45:35 INFO Running runs: ['k6bc2dvf']
2025-03-10 01:57:40 INFO Cleaning up finished run: m0pbti44
2025-03-10 01:57:42 INFO Agent received command: run
2025-03-10 01:57:42 INFO Agent starting run with config:
	activation: sigmoid
	batch_size: 32
	beta: 0.054879901354096865
	beta1: 0.980218919847826
	beta2: 0.9986090264773132
	epochs: 15
	epsilon: 9.35179670179986e-06
	hidden_size: 64
	learning_rate: 0.00011485055941068432
	loss: mean_squared_error
	momentum: 0.9431318029439124
	num_layers: 3
	optimizer: adam
	weight_decay: 0.0001
	weight_init: Xavier
2025-03-10 01:57:42 INFO About to run command: python train.py
2025-03-10 01:57:47 INFO Running runs: ['bqqayudm']
2025-03-10 01:58:54 INFO Cleaning up finished run: r5jdrhcg
2025-03-10 01:58:56 INFO Agent received command: run
2025-03-10 01:58:56 INFO Agent starting run with config:
	activation: tanh
	batch_size: 32
	beta: 0.02985824503730488
	beta1: 0.986955531578116
	beta2: 0.9967237723786916
	epochs: 15
	epsilon: 7.378395172483267e-06
	hidden_size: 64
	learning_rate: 0.00043367104340877766
	loss: mean_squared_error
	momentum: 0.9652115418614104
	num_layers: 5
	optimizer: rmsprop
	weight_decay: 0.0001
	weight_init: Xavier
2025-03-10 01:58:56 INFO About to run command: python train.py
2025-03-10 01:59:01 INFO Running runs: ['pi8rqcry']
2025-03-10 02:00:35 INFO Cleaning up finished run: x2zoaej4
2025-03-10 02:00:37 INFO Agent received command: run
2025-03-10 02:00:37 INFO Agent starting run with config:
	activation: sigmoid
	batch_size: 32
	beta: 0.023441316548632032
	beta1: 0.9804685475576214
	beta2: 0.995116655312209
	epochs: 15
	epsilon: 9.14424190688374e-06
	hidden_size: 128
	learning_rate: 0.00018367171719767012
	loss: mean_squared_error
	momentum: 0.9352751829995132
	num_layers: 4
	optimizer: nag
	weight_decay: 0.001
	weight_init: Xavier
2025-03-10 02:00:37 INFO About to run command: python train.py
2025-03-10 02:00:42 INFO Running runs: ['d53jintu']
2025-03-10 02:17:16 INFO Cleaning up finished run: k6bc2dvf
2025-03-10 02:17:17 INFO Agent received command: run
2025-03-10 02:17:17 INFO Agent starting run with config:
	activation: tanh
	batch_size: 16
	beta: 0.04590969882717585
	beta1: 0.9845692271110378
	beta2: 0.9973992659577228
	epochs: 15
	epsilon: 5.1371295482763855e-06
	hidden_size: 64
	learning_rate: 8.498635233761515e-05
	loss: mean_squared_error
	momentum: 0.9007713351517156
	num_layers: 6
	optimizer: rmsprop
	weight_decay: 0.0005
	weight_init: Xavier
2025-03-10 02:17:17 INFO About to run command: python train.py
2025-03-10 02:17:22 INFO Running runs: ['739jt6rg']
2025-03-10 02:21:51 INFO Cleaning up finished run: bqqayudm
2025-03-10 02:21:52 INFO Agent received command: run
2025-03-10 02:21:52 INFO Agent starting run with config:
	activation: sigmoid
	batch_size: 32
	beta: 0.022899102392056156
	beta1: 0.9828593933509188
	beta2: 0.9951030217812112
	epochs: 15
	epsilon: 7.340449897927235e-06
	hidden_size: 64
	learning_rate: 0.00014708507792120617
	loss: mean_squared_error
	momentum: 0.9700141475213696
	num_layers: 3
	optimizer: adam
	weight_decay: 0.0001
	weight_init: Xavier
2025-03-10 02:21:52 INFO About to run command: python train.py
2025-03-10 02:21:57 INFO Running runs: ['x499iida']
2025-03-10 02:27:33 INFO Cleaning up finished run: pi8rqcry
2025-03-10 02:27:34 INFO Agent received command: run
2025-03-10 02:27:34 INFO Agent starting run with config:
	activation: tanh
	batch_size: 32
	beta: 0.04948399255784837
	beta1: 0.9833543874675502
	beta2: 0.9958732878738816
	epochs: 15
	epsilon: 5.061219344134222e-06
	hidden_size: 128
	learning_rate: 0.00040305524603432815
	loss: mean_squared_error
	momentum: 0.936810692246822
	num_layers: 3
	optimizer: nadam
	weight_decay: 0
	weight_init: Xavier
2025-03-10 02:27:34 INFO About to run command: python train.py
2025-03-10 02:27:39 INFO Running runs: ['tckdmxuq']
2025-03-10 02:41:44 INFO Cleaning up finished run: j5zbez3f
2025-03-10 02:41:45 INFO Agent received command: run
2025-03-10 02:41:45 INFO Agent starting run with config:
	activation: ReLU
	batch_size: 64
	beta: 0.09194180831691837
	beta1: 0.9807865088716908
	beta2: 0.9980065510644393
	epochs: 15
	epsilon: 6.556654307659129e-06
	hidden_size: 128
	learning_rate: 0.0002316711028424266
	loss: mean_squared_error
	momentum: 0.9688350002308868
	num_layers: 6
	optimizer: nadam
	weight_decay: 0
	weight_init: Xavier
2025-03-10 02:41:45 INFO About to run command: python train.py
2025-03-10 02:41:50 INFO Running runs: ['sro91t1i']
2025-03-10 02:47:29 INFO Cleaning up finished run: x499iida
2025-03-10 02:47:30 INFO Agent received command: run
2025-03-10 02:47:30 INFO Agent starting run with config:
	activation: ReLU
	batch_size: 64
	beta: 0.05457435571055752
	beta1: 0.9801550256253782
	beta2: 0.99598826032551
	epochs: 15
	epsilon: 7.524806980026287e-06
	hidden_size: 64
	learning_rate: 0.00025326264927621225
	loss: mean_squared_error
	momentum: 0.9719741986617504
	num_layers: 4
	optimizer: nadam
	weight_decay: 0.0001
	weight_init: Xavier
2025-03-10 02:47:30 INFO About to run command: python train.py
2025-03-10 02:47:35 INFO Running runs: ['xl0j3f9z']
2025-03-10 02:51:30 INFO Cleaning up finished run: 739jt6rg
2025-03-10 02:51:31 INFO Agent received command: run
2025-03-10 02:51:31 INFO Agent starting run with config:
	activation: ReLU
	batch_size: 32
	beta: 0.0684733027061539
	beta1: 0.9857520044963584
	beta2: 0.9966515266626144
	epochs: 15
	epsilon: 8.961933794868149e-06
	hidden_size: 128
	learning_rate: 0.0001053937788872317
	loss: mean_squared_error
	momentum: 0.931508969605141
	num_layers: 5
	optimizer: rmsprop
	weight_decay: 0.0001
	weight_init: Xavier
2025-03-10 02:51:31 INFO About to run command: python train.py
2025-03-10 02:51:36 INFO Running runs: ['6lsb4vq0']
2025-03-10 02:53:50 INFO Retry attempt failed:
Traceback (most recent call last):
  File "C:\Users\shrey\AppData\Roaming\Python\Python311\site-packages\urllib3\connection.py", line 203, in _new_conn
    sock = connection.create_connection(
           ^^^^^^^^^^^^^^^^^^^^^^^^^^^^^
  File "C:\Users\shrey\AppData\Roaming\Python\Python311\site-packages\urllib3\util\connection.py", line 60, in create_connection
    for res in socket.getaddrinfo(host, port, family, socket.SOCK_STREAM):
               ^^^^^^^^^^^^^^^^^^^^^^^^^^^^^^^^^^^^^^^^^^^^^^^^^^^^^^^^^^
  File "C:\Program Files\Python311\Lib\socket.py", line 962, in getaddrinfo
    for res in _socket.getaddrinfo(host, port, family, type, proto, flags):
               ^^^^^^^^^^^^^^^^^^^^^^^^^^^^^^^^^^^^^^^^^^^^^^^^^^^^^^^^^^^
socket.gaierror: [Errno 11001] getaddrinfo failed

The above exception was the direct cause of the following exception:

Traceback (most recent call last):
  File "C:\Users\shrey\AppData\Roaming\Python\Python311\site-packages\urllib3\connectionpool.py", line 790, in urlopen
    response = self._make_request(
               ^^^^^^^^^^^^^^^^^^^
  File "C:\Users\shrey\AppData\Roaming\Python\Python311\site-packages\urllib3\connectionpool.py", line 491, in _make_request
    raise new_e
  File "C:\Users\shrey\AppData\Roaming\Python\Python311\site-packages\urllib3\connectionpool.py", line 467, in _make_request
    self._validate_conn(conn)
  File "C:\Users\shrey\AppData\Roaming\Python\Python311\site-packages\urllib3\connectionpool.py", line 1096, in _validate_conn
    conn.connect()
  File "C:\Users\shrey\AppData\Roaming\Python\Python311\site-packages\urllib3\connection.py", line 611, in connect
    self.sock = sock = self._new_conn()
                       ^^^^^^^^^^^^^^^^
  File "C:\Users\shrey\AppData\Roaming\Python\Python311\site-packages\urllib3\connection.py", line 210, in _new_conn
    raise NameResolutionError(self.host, self, e) from e
urllib3.exceptions.NameResolutionError: <urllib3.connection.HTTPSConnection object at 0x00000209D12428D0>: Failed to resolve 'api.wandb.ai' ([Errno 11001] getaddrinfo failed)

The above exception was the direct cause of the following exception:

Traceback (most recent call last):
  File "C:\Users\shrey\AppData\Roaming\Python\Python311\site-packages\requests\adapters.py", line 667, in send
    resp = conn.urlopen(
           ^^^^^^^^^^^^^
  File "C:\Users\shrey\AppData\Roaming\Python\Python311\site-packages\urllib3\connectionpool.py", line 844, in urlopen
    retries = retries.increment(
              ^^^^^^^^^^^^^^^^^^
  File "C:\Users\shrey\AppData\Roaming\Python\Python311\site-packages\urllib3\util\retry.py", line 515, in increment
    raise MaxRetryError(_pool, url, reason) from reason  # type: ignore[arg-type]
    ^^^^^^^^^^^^^^^^^^^^^^^^^^^^^^^^^^^^^^^^^^^^^^^^^^^
urllib3.exceptions.MaxRetryError: HTTPSConnectionPool(host='api.wandb.ai', port=443): Max retries exceeded with url: /graphql (Caused by NameResolutionError("<urllib3.connection.HTTPSConnection object at 0x00000209D12428D0>: Failed to resolve 'api.wandb.ai' ([Errno 11001] getaddrinfo failed)"))

During handling of the above exception, another exception occurred:

Traceback (most recent call last):
  File "C:\Users\shrey\AppData\Roaming\Python\Python311\site-packages\wandb\sdk\lib\retry.py", line 134, in __call__
    result = self._call_fn(*args, **kwargs)
             ^^^^^^^^^^^^^^^^^^^^^^^^^^^^^^
  File "C:\Users\shrey\AppData\Roaming\Python\Python311\site-packages\wandb\sdk\internal\internal_api.py", line 398, in execute
    return self.client.execute(*args, **kwargs)  # type: ignore
           ^^^^^^^^^^^^^^^^^^^^^^^^^^^^^^^^^^^^
  File "C:\Users\shrey\AppData\Roaming\Python\Python311\site-packages\wandb\vendor\gql-0.2.0\wandb_gql\client.py", line 52, in execute
    result = self._get_result(document, *args, **kwargs)
             ^^^^^^^^^^^^^^^^^^^^^^^^^^^^^^^^^^^^^^^^^^^
  File "C:\Users\shrey\AppData\Roaming\Python\Python311\site-packages\wandb\vendor\gql-0.2.0\wandb_gql\client.py", line 60, in _get_result
    return self.transport.execute(document, *args, **kwargs)
           ^^^^^^^^^^^^^^^^^^^^^^^^^^^^^^^^^^^^^^^^^^^^^^^^^
  File "C:\Users\shrey\AppData\Roaming\Python\Python311\site-packages\wandb\sdk\lib\gql_request.py", line 58, in execute
    request = self.session.post(self.url, **post_args)
              ^^^^^^^^^^^^^^^^^^^^^^^^^^^^^^^^^^^^^^^^
  File "C:\Users\shrey\AppData\Roaming\Python\Python311\site-packages\requests\sessions.py", line 637, in post
    return self.request("POST", url, data=data, json=json, **kwargs)
           ^^^^^^^^^^^^^^^^^^^^^^^^^^^^^^^^^^^^^^^^^^^^^^^^^^^^^^^^^
  File "C:\Users\shrey\AppData\Roaming\Python\Python311\site-packages\requests\sessions.py", line 589, in request
    resp = self.send(prep, **send_kwargs)
           ^^^^^^^^^^^^^^^^^^^^^^^^^^^^^^
  File "C:\Users\shrey\AppData\Roaming\Python\Python311\site-packages\requests\sessions.py", line 703, in send
    r = adapter.send(request, **kwargs)
        ^^^^^^^^^^^^^^^^^^^^^^^^^^^^^^^
  File "C:\Users\shrey\AppData\Roaming\Python\Python311\site-packages\requests\adapters.py", line 700, in send
    raise ConnectionError(e, request=request)
requests.exceptions.ConnectionError: HTTPSConnectionPool(host='api.wandb.ai', port=443): Max retries exceeded with url: /graphql (Caused by NameResolutionError("<urllib3.connection.HTTPSConnection object at 0x00000209D12428D0>: Failed to resolve 'api.wandb.ai' ([Errno 11001] getaddrinfo failed)"))
2025-03-10 02:53:52 INFO Retry attempt failed:
Traceback (most recent call last):
  File "C:\Users\shrey\AppData\Roaming\Python\Python311\site-packages\urllib3\connection.py", line 203, in _new_conn
    sock = connection.create_connection(
           ^^^^^^^^^^^^^^^^^^^^^^^^^^^^^
  File "C:\Users\shrey\AppData\Roaming\Python\Python311\site-packages\urllib3\util\connection.py", line 60, in create_connection
    for res in socket.getaddrinfo(host, port, family, socket.SOCK_STREAM):
               ^^^^^^^^^^^^^^^^^^^^^^^^^^^^^^^^^^^^^^^^^^^^^^^^^^^^^^^^^^
  File "C:\Program Files\Python311\Lib\socket.py", line 962, in getaddrinfo
    for res in _socket.getaddrinfo(host, port, family, type, proto, flags):
               ^^^^^^^^^^^^^^^^^^^^^^^^^^^^^^^^^^^^^^^^^^^^^^^^^^^^^^^^^^^
socket.gaierror: [Errno 11001] getaddrinfo failed

The above exception was the direct cause of the following exception:

Traceback (most recent call last):
  File "C:\Users\shrey\AppData\Roaming\Python\Python311\site-packages\urllib3\connectionpool.py", line 790, in urlopen
    response = self._make_request(
               ^^^^^^^^^^^^^^^^^^^
  File "C:\Users\shrey\AppData\Roaming\Python\Python311\site-packages\urllib3\connectionpool.py", line 491, in _make_request
    raise new_e
  File "C:\Users\shrey\AppData\Roaming\Python\Python311\site-packages\urllib3\connectionpool.py", line 467, in _make_request
    self._validate_conn(conn)
  File "C:\Users\shrey\AppData\Roaming\Python\Python311\site-packages\urllib3\connectionpool.py", line 1096, in _validate_conn
    conn.connect()
  File "C:\Users\shrey\AppData\Roaming\Python\Python311\site-packages\urllib3\connection.py", line 611, in connect
    self.sock = sock = self._new_conn()
                       ^^^^^^^^^^^^^^^^
  File "C:\Users\shrey\AppData\Roaming\Python\Python311\site-packages\urllib3\connection.py", line 210, in _new_conn
    raise NameResolutionError(self.host, self, e) from e
urllib3.exceptions.NameResolutionError: <urllib3.connection.HTTPSConnection object at 0x000002CF767E24D0>: Failed to resolve 'api.wandb.ai' ([Errno 11001] getaddrinfo failed)

The above exception was the direct cause of the following exception:

Traceback (most recent call last):
  File "C:\Users\shrey\AppData\Roaming\Python\Python311\site-packages\requests\adapters.py", line 667, in send
    resp = conn.urlopen(
           ^^^^^^^^^^^^^
  File "C:\Users\shrey\AppData\Roaming\Python\Python311\site-packages\urllib3\connectionpool.py", line 844, in urlopen
    retries = retries.increment(
              ^^^^^^^^^^^^^^^^^^
  File "C:\Users\shrey\AppData\Roaming\Python\Python311\site-packages\urllib3\util\retry.py", line 515, in increment
    raise MaxRetryError(_pool, url, reason) from reason  # type: ignore[arg-type]
    ^^^^^^^^^^^^^^^^^^^^^^^^^^^^^^^^^^^^^^^^^^^^^^^^^^^
urllib3.exceptions.MaxRetryError: HTTPSConnectionPool(host='api.wandb.ai', port=443): Max retries exceeded with url: /graphql (Caused by NameResolutionError("<urllib3.connection.HTTPSConnection object at 0x000002CF767E24D0>: Failed to resolve 'api.wandb.ai' ([Errno 11001] getaddrinfo failed)"))

During handling of the above exception, another exception occurred:

Traceback (most recent call last):
  File "C:\Users\shrey\AppData\Roaming\Python\Python311\site-packages\wandb\sdk\lib\retry.py", line 134, in __call__
    result = self._call_fn(*args, **kwargs)
             ^^^^^^^^^^^^^^^^^^^^^^^^^^^^^^
  File "C:\Users\shrey\AppData\Roaming\Python\Python311\site-packages\wandb\sdk\internal\internal_api.py", line 398, in execute
    return self.client.execute(*args, **kwargs)  # type: ignore
           ^^^^^^^^^^^^^^^^^^^^^^^^^^^^^^^^^^^^
  File "C:\Users\shrey\AppData\Roaming\Python\Python311\site-packages\wandb\vendor\gql-0.2.0\wandb_gql\client.py", line 52, in execute
    result = self._get_result(document, *args, **kwargs)
             ^^^^^^^^^^^^^^^^^^^^^^^^^^^^^^^^^^^^^^^^^^^
  File "C:\Users\shrey\AppData\Roaming\Python\Python311\site-packages\wandb\vendor\gql-0.2.0\wandb_gql\client.py", line 60, in _get_result
    return self.transport.execute(document, *args, **kwargs)
           ^^^^^^^^^^^^^^^^^^^^^^^^^^^^^^^^^^^^^^^^^^^^^^^^^
  File "C:\Users\shrey\AppData\Roaming\Python\Python311\site-packages\wandb\sdk\lib\gql_request.py", line 58, in execute
    request = self.session.post(self.url, **post_args)
              ^^^^^^^^^^^^^^^^^^^^^^^^^^^^^^^^^^^^^^^^
  File "C:\Users\shrey\AppData\Roaming\Python\Python311\site-packages\requests\sessions.py", line 637, in post
    return self.request("POST", url, data=data, json=json, **kwargs)
           ^^^^^^^^^^^^^^^^^^^^^^^^^^^^^^^^^^^^^^^^^^^^^^^^^^^^^^^^^
  File "C:\Users\shrey\AppData\Roaming\Python\Python311\site-packages\requests\sessions.py", line 589, in request
    resp = self.send(prep, **send_kwargs)
           ^^^^^^^^^^^^^^^^^^^^^^^^^^^^^^
  File "C:\Users\shrey\AppData\Roaming\Python\Python311\site-packages\requests\sessions.py", line 703, in send
    r = adapter.send(request, **kwargs)
        ^^^^^^^^^^^^^^^^^^^^^^^^^^^^^^^
  File "C:\Users\shrey\AppData\Roaming\Python\Python311\site-packages\requests\adapters.py", line 700, in send
    raise ConnectionError(e, request=request)
requests.exceptions.ConnectionError: HTTPSConnectionPool(host='api.wandb.ai', port=443): Max retries exceeded with url: /graphql (Caused by NameResolutionError("<urllib3.connection.HTTPSConnection object at 0x000002CF767E24D0>: Failed to resolve 'api.wandb.ai' ([Errno 11001] getaddrinfo failed)"))
2025-03-10 02:53:53 INFO Retry attempt failed:
Traceback (most recent call last):
  File "C:\Users\shrey\AppData\Roaming\Python\Python311\site-packages\urllib3\connection.py", line 203, in _new_conn
    sock = connection.create_connection(
           ^^^^^^^^^^^^^^^^^^^^^^^^^^^^^
  File "C:\Users\shrey\AppData\Roaming\Python\Python311\site-packages\urllib3\util\connection.py", line 60, in create_connection
    for res in socket.getaddrinfo(host, port, family, socket.SOCK_STREAM):
               ^^^^^^^^^^^^^^^^^^^^^^^^^^^^^^^^^^^^^^^^^^^^^^^^^^^^^^^^^^
  File "C:\Program Files\Python311\Lib\socket.py", line 962, in getaddrinfo
    for res in _socket.getaddrinfo(host, port, family, type, proto, flags):
               ^^^^^^^^^^^^^^^^^^^^^^^^^^^^^^^^^^^^^^^^^^^^^^^^^^^^^^^^^^^
socket.gaierror: [Errno 11001] getaddrinfo failed

The above exception was the direct cause of the following exception:

Traceback (most recent call last):
  File "C:\Users\shrey\AppData\Roaming\Python\Python311\site-packages\urllib3\connectionpool.py", line 790, in urlopen
    response = self._make_request(
               ^^^^^^^^^^^^^^^^^^^
  File "C:\Users\shrey\AppData\Roaming\Python\Python311\site-packages\urllib3\connectionpool.py", line 491, in _make_request
    raise new_e
  File "C:\Users\shrey\AppData\Roaming\Python\Python311\site-packages\urllib3\connectionpool.py", line 467, in _make_request
    self._validate_conn(conn)
  File "C:\Users\shrey\AppData\Roaming\Python\Python311\site-packages\urllib3\connectionpool.py", line 1096, in _validate_conn
    conn.connect()
  File "C:\Users\shrey\AppData\Roaming\Python\Python311\site-packages\urllib3\connection.py", line 611, in connect
    self.sock = sock = self._new_conn()
                       ^^^^^^^^^^^^^^^^
  File "C:\Users\shrey\AppData\Roaming\Python\Python311\site-packages\urllib3\connection.py", line 210, in _new_conn
    raise NameResolutionError(self.host, self, e) from e
urllib3.exceptions.NameResolutionError: <urllib3.connection.HTTPSConnection object at 0x0000022237AC1910>: Failed to resolve 'api.wandb.ai' ([Errno 11001] getaddrinfo failed)

The above exception was the direct cause of the following exception:

Traceback (most recent call last):
  File "C:\Users\shrey\AppData\Roaming\Python\Python311\site-packages\requests\adapters.py", line 667, in send
    resp = conn.urlopen(
           ^^^^^^^^^^^^^
  File "C:\Users\shrey\AppData\Roaming\Python\Python311\site-packages\urllib3\connectionpool.py", line 844, in urlopen
    retries = retries.increment(
              ^^^^^^^^^^^^^^^^^^
  File "C:\Users\shrey\AppData\Roaming\Python\Python311\site-packages\urllib3\util\retry.py", line 515, in increment
    raise MaxRetryError(_pool, url, reason) from reason  # type: ignore[arg-type]
    ^^^^^^^^^^^^^^^^^^^^^^^^^^^^^^^^^^^^^^^^^^^^^^^^^^^
urllib3.exceptions.MaxRetryError: HTTPSConnectionPool(host='api.wandb.ai', port=443): Max retries exceeded with url: /graphql (Caused by NameResolutionError("<urllib3.connection.HTTPSConnection object at 0x0000022237AC1910>: Failed to resolve 'api.wandb.ai' ([Errno 11001] getaddrinfo failed)"))

During handling of the above exception, another exception occurred:

Traceback (most recent call last):
  File "C:\Users\shrey\AppData\Roaming\Python\Python311\site-packages\wandb\sdk\lib\retry.py", line 134, in __call__
    result = self._call_fn(*args, **kwargs)
             ^^^^^^^^^^^^^^^^^^^^^^^^^^^^^^
  File "C:\Users\shrey\AppData\Roaming\Python\Python311\site-packages\wandb\sdk\internal\internal_api.py", line 398, in execute
    return self.client.execute(*args, **kwargs)  # type: ignore
           ^^^^^^^^^^^^^^^^^^^^^^^^^^^^^^^^^^^^
  File "C:\Users\shrey\AppData\Roaming\Python\Python311\site-packages\wandb\vendor\gql-0.2.0\wandb_gql\client.py", line 52, in execute
    result = self._get_result(document, *args, **kwargs)
             ^^^^^^^^^^^^^^^^^^^^^^^^^^^^^^^^^^^^^^^^^^^
  File "C:\Users\shrey\AppData\Roaming\Python\Python311\site-packages\wandb\vendor\gql-0.2.0\wandb_gql\client.py", line 60, in _get_result
    return self.transport.execute(document, *args, **kwargs)
           ^^^^^^^^^^^^^^^^^^^^^^^^^^^^^^^^^^^^^^^^^^^^^^^^^
  File "C:\Users\shrey\AppData\Roaming\Python\Python311\site-packages\wandb\sdk\lib\gql_request.py", line 58, in execute
    request = self.session.post(self.url, **post_args)
              ^^^^^^^^^^^^^^^^^^^^^^^^^^^^^^^^^^^^^^^^
  File "C:\Users\shrey\AppData\Roaming\Python\Python311\site-packages\requests\sessions.py", line 637, in post
    return self.request("POST", url, data=data, json=json, **kwargs)
           ^^^^^^^^^^^^^^^^^^^^^^^^^^^^^^^^^^^^^^^^^^^^^^^^^^^^^^^^^
  File "C:\Users\shrey\AppData\Roaming\Python\Python311\site-packages\requests\sessions.py", line 589, in request
    resp = self.send(prep, **send_kwargs)
           ^^^^^^^^^^^^^^^^^^^^^^^^^^^^^^
  File "C:\Users\shrey\AppData\Roaming\Python\Python311\site-packages\requests\sessions.py", line 703, in send
    r = adapter.send(request, **kwargs)
        ^^^^^^^^^^^^^^^^^^^^^^^^^^^^^^^
  File "C:\Users\shrey\AppData\Roaming\Python\Python311\site-packages\requests\adapters.py", line 700, in send
    raise ConnectionError(e, request=request)
requests.exceptions.ConnectionError: HTTPSConnectionPool(host='api.wandb.ai', port=443): Max retries exceeded with url: /graphql (Caused by NameResolutionError("<urllib3.connection.HTTPSConnection object at 0x0000022237AC1910>: Failed to resolve 'api.wandb.ai' ([Errno 11001] getaddrinfo failed)"))
2025-03-10 02:53:53 INFO Retry attempt failed:
Traceback (most recent call last):
  File "C:\Users\shrey\AppData\Roaming\Python\Python311\site-packages\urllib3\connection.py", line 203, in _new_conn
    sock = connection.create_connection(
           ^^^^^^^^^^^^^^^^^^^^^^^^^^^^^
  File "C:\Users\shrey\AppData\Roaming\Python\Python311\site-packages\urllib3\util\connection.py", line 60, in create_connection
    for res in socket.getaddrinfo(host, port, family, socket.SOCK_STREAM):
               ^^^^^^^^^^^^^^^^^^^^^^^^^^^^^^^^^^^^^^^^^^^^^^^^^^^^^^^^^^
  File "C:\Program Files\Python311\Lib\socket.py", line 962, in getaddrinfo
    for res in _socket.getaddrinfo(host, port, family, type, proto, flags):
               ^^^^^^^^^^^^^^^^^^^^^^^^^^^^^^^^^^^^^^^^^^^^^^^^^^^^^^^^^^^
socket.gaierror: [Errno 11001] getaddrinfo failed

The above exception was the direct cause of the following exception:

Traceback (most recent call last):
  File "C:\Users\shrey\AppData\Roaming\Python\Python311\site-packages\urllib3\connectionpool.py", line 790, in urlopen
    response = self._make_request(
               ^^^^^^^^^^^^^^^^^^^
  File "C:\Users\shrey\AppData\Roaming\Python\Python311\site-packages\urllib3\connectionpool.py", line 491, in _make_request
    raise new_e
  File "C:\Users\shrey\AppData\Roaming\Python\Python311\site-packages\urllib3\connectionpool.py", line 467, in _make_request
    self._validate_conn(conn)
  File "C:\Users\shrey\AppData\Roaming\Python\Python311\site-packages\urllib3\connectionpool.py", line 1096, in _validate_conn
    conn.connect()
  File "C:\Users\shrey\AppData\Roaming\Python\Python311\site-packages\urllib3\connection.py", line 611, in connect
    self.sock = sock = self._new_conn()
                       ^^^^^^^^^^^^^^^^
  File "C:\Users\shrey\AppData\Roaming\Python\Python311\site-packages\urllib3\connection.py", line 210, in _new_conn
    raise NameResolutionError(self.host, self, e) from e
urllib3.exceptions.NameResolutionError: <urllib3.connection.HTTPSConnection object at 0x000002145B2B0910>: Failed to resolve 'api.wandb.ai' ([Errno 11001] getaddrinfo failed)

The above exception was the direct cause of the following exception:

Traceback (most recent call last):
  File "C:\Users\shrey\AppData\Roaming\Python\Python311\site-packages\requests\adapters.py", line 667, in send
    resp = conn.urlopen(
           ^^^^^^^^^^^^^
  File "C:\Users\shrey\AppData\Roaming\Python\Python311\site-packages\urllib3\connectionpool.py", line 844, in urlopen
    retries = retries.increment(
              ^^^^^^^^^^^^^^^^^^
  File "C:\Users\shrey\AppData\Roaming\Python\Python311\site-packages\urllib3\util\retry.py", line 515, in increment
    raise MaxRetryError(_pool, url, reason) from reason  # type: ignore[arg-type]
    ^^^^^^^^^^^^^^^^^^^^^^^^^^^^^^^^^^^^^^^^^^^^^^^^^^^
urllib3.exceptions.MaxRetryError: HTTPSConnectionPool(host='api.wandb.ai', port=443): Max retries exceeded with url: /graphql (Caused by NameResolutionError("<urllib3.connection.HTTPSConnection object at 0x000002145B2B0910>: Failed to resolve 'api.wandb.ai' ([Errno 11001] getaddrinfo failed)"))

During handling of the above exception, another exception occurred:

Traceback (most recent call last):
  File "C:\Users\shrey\AppData\Roaming\Python\Python311\site-packages\wandb\sdk\lib\retry.py", line 134, in __call__
    result = self._call_fn(*args, **kwargs)
             ^^^^^^^^^^^^^^^^^^^^^^^^^^^^^^
  File "C:\Users\shrey\AppData\Roaming\Python\Python311\site-packages\wandb\sdk\internal\internal_api.py", line 398, in execute
    return self.client.execute(*args, **kwargs)  # type: ignore
           ^^^^^^^^^^^^^^^^^^^^^^^^^^^^^^^^^^^^
  File "C:\Users\shrey\AppData\Roaming\Python\Python311\site-packages\wandb\vendor\gql-0.2.0\wandb_gql\client.py", line 52, in execute
    result = self._get_result(document, *args, **kwargs)
             ^^^^^^^^^^^^^^^^^^^^^^^^^^^^^^^^^^^^^^^^^^^
  File "C:\Users\shrey\AppData\Roaming\Python\Python311\site-packages\wandb\vendor\gql-0.2.0\wandb_gql\client.py", line 60, in _get_result
    return self.transport.execute(document, *args, **kwargs)
           ^^^^^^^^^^^^^^^^^^^^^^^^^^^^^^^^^^^^^^^^^^^^^^^^^
  File "C:\Users\shrey\AppData\Roaming\Python\Python311\site-packages\wandb\sdk\lib\gql_request.py", line 58, in execute
    request = self.session.post(self.url, **post_args)
              ^^^^^^^^^^^^^^^^^^^^^^^^^^^^^^^^^^^^^^^^
  File "C:\Users\shrey\AppData\Roaming\Python\Python311\site-packages\requests\sessions.py", line 637, in post
    return self.request("POST", url, data=data, json=json, **kwargs)
           ^^^^^^^^^^^^^^^^^^^^^^^^^^^^^^^^^^^^^^^^^^^^^^^^^^^^^^^^^
  File "C:\Users\shrey\AppData\Roaming\Python\Python311\site-packages\requests\sessions.py", line 589, in request
    resp = self.send(prep, **send_kwargs)
           ^^^^^^^^^^^^^^^^^^^^^^^^^^^^^^
  File "C:\Users\shrey\AppData\Roaming\Python\Python311\site-packages\requests\sessions.py", line 703, in send
    r = adapter.send(request, **kwargs)
        ^^^^^^^^^^^^^^^^^^^^^^^^^^^^^^^
  File "C:\Users\shrey\AppData\Roaming\Python\Python311\site-packages\requests\adapters.py", line 700, in send
    raise ConnectionError(e, request=request)
requests.exceptions.ConnectionError: HTTPSConnectionPool(host='api.wandb.ai', port=443): Max retries exceeded with url: /graphql (Caused by NameResolutionError("<urllib3.connection.HTTPSConnection object at 0x000002145B2B0910>: Failed to resolve 'api.wandb.ai' ([Errno 11001] getaddrinfo failed)"))
2025-03-10 02:53:54 INFO Retry attempt failed:
Traceback (most recent call last):
  File "C:\Users\shrey\AppData\Roaming\Python\Python311\site-packages\urllib3\connection.py", line 203, in _new_conn
    sock = connection.create_connection(
           ^^^^^^^^^^^^^^^^^^^^^^^^^^^^^
  File "C:\Users\shrey\AppData\Roaming\Python\Python311\site-packages\urllib3\util\connection.py", line 60, in create_connection
    for res in socket.getaddrinfo(host, port, family, socket.SOCK_STREAM):
               ^^^^^^^^^^^^^^^^^^^^^^^^^^^^^^^^^^^^^^^^^^^^^^^^^^^^^^^^^^
  File "C:\Program Files\Python311\Lib\socket.py", line 962, in getaddrinfo
    for res in _socket.getaddrinfo(host, port, family, type, proto, flags):
               ^^^^^^^^^^^^^^^^^^^^^^^^^^^^^^^^^^^^^^^^^^^^^^^^^^^^^^^^^^^
socket.gaierror: [Errno 11001] getaddrinfo failed

The above exception was the direct cause of the following exception:

Traceback (most recent call last):
  File "C:\Users\shrey\AppData\Roaming\Python\Python311\site-packages\urllib3\connectionpool.py", line 790, in urlopen
    response = self._make_request(
               ^^^^^^^^^^^^^^^^^^^
  File "C:\Users\shrey\AppData\Roaming\Python\Python311\site-packages\urllib3\connectionpool.py", line 491, in _make_request
    raise new_e
  File "C:\Users\shrey\AppData\Roaming\Python\Python311\site-packages\urllib3\connectionpool.py", line 467, in _make_request
    self._validate_conn(conn)
  File "C:\Users\shrey\AppData\Roaming\Python\Python311\site-packages\urllib3\connectionpool.py", line 1096, in _validate_conn
    conn.connect()
  File "C:\Users\shrey\AppData\Roaming\Python\Python311\site-packages\urllib3\connection.py", line 611, in connect
    self.sock = sock = self._new_conn()
                       ^^^^^^^^^^^^^^^^
  File "C:\Users\shrey\AppData\Roaming\Python\Python311\site-packages\urllib3\connection.py", line 210, in _new_conn
    raise NameResolutionError(self.host, self, e) from e
urllib3.exceptions.NameResolutionError: <urllib3.connection.HTTPSConnection object at 0x000001B3D6380610>: Failed to resolve 'api.wandb.ai' ([Errno 11001] getaddrinfo failed)

The above exception was the direct cause of the following exception:

Traceback (most recent call last):
  File "C:\Users\shrey\AppData\Roaming\Python\Python311\site-packages\requests\adapters.py", line 667, in send
    resp = conn.urlopen(
           ^^^^^^^^^^^^^
  File "C:\Users\shrey\AppData\Roaming\Python\Python311\site-packages\urllib3\connectionpool.py", line 844, in urlopen
    retries = retries.increment(
              ^^^^^^^^^^^^^^^^^^
  File "C:\Users\shrey\AppData\Roaming\Python\Python311\site-packages\urllib3\util\retry.py", line 515, in increment
    raise MaxRetryError(_pool, url, reason) from reason  # type: ignore[arg-type]
    ^^^^^^^^^^^^^^^^^^^^^^^^^^^^^^^^^^^^^^^^^^^^^^^^^^^
urllib3.exceptions.MaxRetryError: HTTPSConnectionPool(host='api.wandb.ai', port=443): Max retries exceeded with url: /graphql (Caused by NameResolutionError("<urllib3.connection.HTTPSConnection object at 0x000001B3D6380610>: Failed to resolve 'api.wandb.ai' ([Errno 11001] getaddrinfo failed)"))

During handling of the above exception, another exception occurred:

Traceback (most recent call last):
  File "C:\Users\shrey\AppData\Roaming\Python\Python311\site-packages\wandb\sdk\lib\retry.py", line 134, in __call__
    result = self._call_fn(*args, **kwargs)
             ^^^^^^^^^^^^^^^^^^^^^^^^^^^^^^
  File "C:\Users\shrey\AppData\Roaming\Python\Python311\site-packages\wandb\sdk\internal\internal_api.py", line 398, in execute
    return self.client.execute(*args, **kwargs)  # type: ignore
           ^^^^^^^^^^^^^^^^^^^^^^^^^^^^^^^^^^^^
  File "C:\Users\shrey\AppData\Roaming\Python\Python311\site-packages\wandb\vendor\gql-0.2.0\wandb_gql\client.py", line 52, in execute
    result = self._get_result(document, *args, **kwargs)
             ^^^^^^^^^^^^^^^^^^^^^^^^^^^^^^^^^^^^^^^^^^^
  File "C:\Users\shrey\AppData\Roaming\Python\Python311\site-packages\wandb\vendor\gql-0.2.0\wandb_gql\client.py", line 60, in _get_result
    return self.transport.execute(document, *args, **kwargs)
           ^^^^^^^^^^^^^^^^^^^^^^^^^^^^^^^^^^^^^^^^^^^^^^^^^
  File "C:\Users\shrey\AppData\Roaming\Python\Python311\site-packages\wandb\sdk\lib\gql_request.py", line 58, in execute
    request = self.session.post(self.url, **post_args)
              ^^^^^^^^^^^^^^^^^^^^^^^^^^^^^^^^^^^^^^^^
  File "C:\Users\shrey\AppData\Roaming\Python\Python311\site-packages\requests\sessions.py", line 637, in post
    return self.request("POST", url, data=data, json=json, **kwargs)
           ^^^^^^^^^^^^^^^^^^^^^^^^^^^^^^^^^^^^^^^^^^^^^^^^^^^^^^^^^
  File "C:\Users\shrey\AppData\Roaming\Python\Python311\site-packages\requests\sessions.py", line 589, in request
    resp = self.send(prep, **send_kwargs)
           ^^^^^^^^^^^^^^^^^^^^^^^^^^^^^^
  File "C:\Users\shrey\AppData\Roaming\Python\Python311\site-packages\requests\sessions.py", line 703, in send
    r = adapter.send(request, **kwargs)
        ^^^^^^^^^^^^^^^^^^^^^^^^^^^^^^^
  File "C:\Users\shrey\AppData\Roaming\Python\Python311\site-packages\requests\adapters.py", line 700, in send
    raise ConnectionError(e, request=request)
requests.exceptions.ConnectionError: HTTPSConnectionPool(host='api.wandb.ai', port=443): Max retries exceeded with url: /graphql (Caused by NameResolutionError("<urllib3.connection.HTTPSConnection object at 0x000001B3D6380610>: Failed to resolve 'api.wandb.ai' ([Errno 11001] getaddrinfo failed)"))
2025-03-10 03:09:23 INFO Cleaning up finished run: xl0j3f9z
2025-03-10 03:09:24 INFO Agent received command: run
2025-03-10 03:09:24 INFO Agent starting run with config:
	activation: ReLU
	batch_size: 16
	beta: 0.03832782598314209
	beta1: 0.9834085065776484
	beta2: 0.9976483064049578
	epochs: 15
	epsilon: 8.213109523233597e-06
	hidden_size: 128
	learning_rate: 6.729902247102323e-05
	loss: mean_squared_error
	momentum: 0.9775074278262796
	num_layers: 4
	optimizer: adam
	weight_decay: 0.001
	weight_init: Xavier
2025-03-10 03:09:24 INFO About to run command: python train.py
2025-03-10 03:09:29 INFO Running runs: ['z1akx9pq']
2025-03-10 03:09:40 INFO Cleaning up finished run: d53jintu
2025-03-10 03:09:41 INFO Agent received command: run
2025-03-10 03:09:41 INFO Agent starting run with config:
	activation: tanh
	batch_size: 16
	beta: 0.038506821269070055
	beta1: 0.9831411379806444
	beta2: 0.996797591727766
	epochs: 15
	epsilon: 9.45444188642592e-06
	hidden_size: 32
	learning_rate: 0.00014713016970980693
	loss: mean_squared_error
	momentum: 0.920828148135194
	num_layers: 6
	optimizer: adam
	weight_decay: 0.0001
	weight_init: Xavier
2025-03-10 03:09:41 INFO About to run command: python train.py
2025-03-10 03:09:46 INFO Running runs: ['sgm35eje']
2025-03-10 03:25:14 INFO Cleaning up finished run: tckdmxuq
2025-03-10 03:25:15 INFO Agent received command: run
2025-03-10 03:25:15 INFO Agent starting run with config:
	activation: ReLU
	batch_size: 16
	beta: 0.027595569231995992
	beta1: 0.9845527129664527
	beta2: 0.9963509560084464
	epochs: 15
	epsilon: 8.013712140143309e-06
	hidden_size: 128
	learning_rate: 0.00045451347714726823
	loss: mean_squared_error
	momentum: 0.873080147820029
	num_layers: 3
	optimizer: nadam
	weight_decay: 0.0001
	weight_init: Xavier
2025-03-10 03:25:15 INFO About to run command: python train.py
2025-03-10 03:25:20 INFO Running runs: ['q43qr4ga']
2025-03-10 03:25:41 INFO Cleaning up finished run: sgm35eje
2025-03-10 03:25:42 INFO Agent received command: run
2025-03-10 03:25:42 INFO Agent starting run with config:
	activation: ReLU
	batch_size: 16
	beta: 0.047467032876315686
	beta1: 0.9854348407604404
	beta2: 0.9961412135931316
	epochs: 15
	epsilon: 7.513312444298744e-06
	hidden_size: 64
	learning_rate: 0.0003117459487564119
	loss: mean_squared_error
	momentum: 0.9774380350124764
	num_layers: 4
	optimizer: nadam
	weight_decay: 0
	weight_init: random
2025-03-10 03:25:42 INFO About to run command: python train.py
2025-03-10 03:25:47 INFO Running runs: ['jbyjn58i']
2025-03-10 03:46:15 INFO Cleaning up finished run: jbyjn58i
2025-03-10 03:46:16 INFO Agent received command: run
2025-03-10 03:46:16 INFO Agent starting run with config:
	activation: tanh
	batch_size: 32
	beta: 0.06405561008522075
	beta1: 0.9804471888936198
	beta2: 0.9968966518846908
	epochs: 10
	epsilon: 5.401499531812923e-06
	hidden_size: 128
	learning_rate: 0.00032098965439820277
	loss: mean_squared_error
	momentum: 0.8996442383651173
	num_layers: 4
	optimizer: nadam
	weight_decay: 0.0001
	weight_init: Xavier
2025-03-10 03:46:16 INFO About to run command: python train.py
2025-03-10 03:46:21 INFO Running runs: ['ygjjk7j0']
2025-03-10 03:56:56 INFO Cleaning up finished run: 6lsb4vq0
2025-03-10 03:56:57 INFO Agent received command: run
2025-03-10 03:56:57 INFO Agent starting run with config:
	activation: ReLU
	batch_size: 32
	beta: 0.08953166564178167
	beta1: 0.9819337006463984
	beta2: 0.9950126461418692
	epochs: 10
	epsilon: 8.260274650261937e-06
	hidden_size: 64
	learning_rate: 3.33833165689063e-05
	loss: mean_squared_error
	momentum: 0.8012730060465654
	num_layers: 6
	optimizer: nadam
	weight_decay: 0.0005
	weight_init: Xavier
2025-03-10 03:56:57 INFO About to run command: python train.py
2025-03-10 03:57:02 INFO Running runs: ['tx6aah4q']
2025-03-10 04:01:17 INFO Cleaning up finished run: sro91t1i
2025-03-10 04:01:18 INFO Agent received command: run
2025-03-10 04:01:18 INFO Agent starting run with config:
	activation: ReLU
	batch_size: 32
	beta: 0.08041071179335423
	beta1: 0.9864527187880852
	beta2: 0.9951383892092424
	epochs: 15
	epsilon: 4.541905778305308e-06
	hidden_size: 128
	learning_rate: 0.0003788357687823049
	loss: mean_squared_error
	momentum: 0.8392021704857392
	num_layers: 6
	optimizer: nadam
	weight_decay: 0.0001
	weight_init: Xavier
2025-03-10 04:01:18 INFO About to run command: python train.py
2025-03-10 04:01:23 INFO Running runs: ['3h6wi3c7']
2025-03-10 04:07:09 INFO Cleaning up finished run: z1akx9pq
2025-03-10 04:07:10 INFO Agent received command: run
2025-03-10 04:07:10 INFO Agent starting run with config:
	activation: sigmoid
	batch_size: 16
	beta: 0.09453360503886477
	beta1: 0.980878876842164
	beta2: 0.9984850286455956
	epochs: 15
	epsilon: 7.401223595047268e-06
	hidden_size: 64
	learning_rate: 7.985801827971919e-05
	loss: mean_squared_error
	momentum: 0.8846293734794154
	num_layers: 6
	optimizer: rmsprop
	weight_decay: 0.0001
	weight_init: Xavier
2025-03-10 04:07:10 INFO About to run command: python train.py
2025-03-10 04:07:15 INFO Running runs: ['bfyiqvtp']
2025-03-10 04:11:22 INFO Cleaning up finished run: tx6aah4q
2025-03-10 04:11:22 INFO Agent received command: run
2025-03-10 04:11:22 INFO Agent starting run with config:
	activation: ReLU
	batch_size: 64
	beta: 0.02020573116299082
	beta1: 0.9812785155772292
	beta2: 0.9996838975408704
	epochs: 15
	epsilon: 7.20446610931939e-06
	hidden_size: 32
	learning_rate: 5.719627615717749e-05
	loss: mean_squared_error
	momentum: 0.9218061898513016
	num_layers: 6
	optimizer: nadam
	weight_decay: 0.0001
	weight_init: Xavier
2025-03-10 04:11:22 INFO About to run command: python train.py
2025-03-10 04:11:27 INFO Running runs: ['elqwipqz']
2025-03-10 04:12:24 INFO Cleaning up finished run: q43qr4ga
2025-03-10 04:12:25 INFO Agent received command: run
2025-03-10 04:12:25 INFO Agent starting run with config:
	activation: ReLU
	batch_size: 32
	beta: 0.06879902382919445
	beta1: 0.9839215187730308
	beta2: 0.9977334982927388
	epochs: 15
	epsilon: 8.385867925727697e-06
	hidden_size: 64
	learning_rate: 3.721391664850349e-05
	loss: mean_squared_error
	momentum: 0.8798796658307328
	num_layers: 6
	optimizer: nadam
	weight_decay: 0.001
	weight_init: Xavier
2025-03-10 04:12:25 INFO About to run command: python train.py
2025-03-10 04:12:30 INFO Running runs: ['1pwf9if8']
2025-03-10 04:23:28 INFO Cleaning up finished run: elqwipqz
2025-03-10 04:23:29 INFO Agent received command: run
2025-03-10 04:23:29 INFO Agent starting run with config:
	activation: ReLU
	batch_size: 32
	beta: 0.053146540963600025
	beta1: 0.9824839645448192
	beta2: 0.9994315869086244
	epochs: 15
	epsilon: 6.112914679739992e-06
	hidden_size: 64
	learning_rate: 6.124980436712046e-05
	loss: mean_squared_error
	momentum: 0.9445246077488832
	num_layers: 5
	optimizer: adam
	weight_decay: 0
	weight_init: Xavier
2025-03-10 04:23:29 INFO About to run command: python train.py
2025-03-10 04:23:34 INFO Running runs: ['ymmk458m']
2025-03-10 04:26:40 INFO Cleaning up finished run: ygjjk7j0
2025-03-10 04:26:41 INFO Agent received command: run
2025-03-10 04:26:41 INFO Agent starting run with config:
	activation: ReLU
	batch_size: 32
	beta: 0.08649791363453047
	beta1: 0.9838583242011196
	beta2: 0.9950398410361716
	epochs: 15
	epsilon: 1.9037743508111573e-06
	hidden_size: 128
	learning_rate: 1.0580892633995984e-05
	loss: mean_squared_error
	momentum: 0.8166680460717108
	num_layers: 6
	optimizer: nadam
	weight_decay: 0
	weight_init: Xavier
2025-03-10 04:26:41 INFO About to run command: python train.py
2025-03-10 04:26:46 INFO Running runs: ['z89w4sgl']
2025-03-10 04:28:47 INFO Cleaning up finished run: bfyiqvtp
2025-03-10 04:28:48 INFO Agent received command: run
2025-03-10 04:28:48 INFO Agent starting run with config:
	activation: ReLU
	batch_size: 64
	beta: 0.016429022511077675
	beta1: 0.9843361133121088
	beta2: 0.9971596220689228
	epochs: 15
	epsilon: 7.746197368279416e-06
	hidden_size: 128
	learning_rate: 0.00024607710311786725
	loss: mean_squared_error
	momentum: 0.8532219016282514
	num_layers: 5
	optimizer: nadam
	weight_decay: 0
	weight_init: Xavier
2025-03-10 04:28:48 INFO About to run command: python train.py
2025-03-10 04:28:53 INFO Running runs: ['q2h5y9oc']
2025-03-10 04:33:02 INFO Cleaning up finished run: 1pwf9if8
2025-03-10 04:33:03 INFO Agent received command: run
2025-03-10 04:33:03 INFO Agent starting run with config:
	activation: ReLU
	batch_size: 64
	beta: 0.01959976754207533
	beta1: 0.985094858890788
	beta2: 0.9989647089872388
	epochs: 15
	epsilon: 7.2144145174453e-06
	hidden_size: 32
	learning_rate: 5.4675410706189985e-05
	loss: mean_squared_error
	momentum: 0.9391037190324084
	num_layers: 6
	optimizer: adam
	weight_decay: 0.0001
	weight_init: Xavier
2025-03-10 04:33:03 INFO About to run command: python train.py
2025-03-10 04:33:08 INFO Running runs: ['ryj26rz1']
2025-03-10 04:43:56 INFO Cleaning up finished run: ymmk458m
2025-03-10 04:43:57 INFO Agent received command: run
2025-03-10 04:43:57 INFO Agent starting run with config:
	activation: ReLU
	batch_size: 64
	beta: 0.06816833019304087
	beta1: 0.9822796497245908
	beta2: 0.9951641203980912
	epochs: 15
	epsilon: 6.350955634608648e-06
	hidden_size: 128
	learning_rate: 2.320495514977388e-05
	loss: mean_squared_error
	momentum: 0.9159304617138866
	num_layers: 4
	optimizer: adam
	weight_decay: 0.0001
	weight_init: Xavier
2025-03-10 04:43:57 INFO About to run command: python train.py
2025-03-10 04:44:02 INFO Running runs: ['8bep453a']
2025-03-10 04:45:03 INFO Cleaning up finished run: ryj26rz1
2025-03-10 04:45:04 INFO Agent received command: run
2025-03-10 04:45:04 INFO Agent starting run with config:
	activation: ReLU
	batch_size: 16
	beta: 0.01031896652908927
	beta1: 0.9824110682673748
	beta2: 0.9981528018066832
	epochs: 10
	epsilon: 9.16728279235538e-06
	hidden_size: 128
	learning_rate: 2.8307170892277975e-05
	loss: mean_squared_error
	momentum: 0.8742371209249423
	num_layers: 6
	optimizer: nadam
	weight_decay: 0.0005
	weight_init: Xavier
2025-03-10 04:45:04 INFO About to run command: python train.py
2025-03-10 04:45:09 INFO Running runs: ['a8oh44cp']
2025-03-10 05:15:47 INFO Cleaning up finished run: 3h6wi3c7
2025-03-10 05:15:48 INFO Agent received command: run
2025-03-10 05:15:48 INFO Agent starting run with config:
	activation: ReLU
	batch_size: 64
	beta: 0.02788583480774312
	beta1: 0.9835935517266244
	beta2: 0.9973346219503104
	epochs: 15
	epsilon: 3.7609696376127978e-06
	hidden_size: 64
	learning_rate: 0.0003767028548804854
	loss: mean_squared_error
	momentum: 0.8726931896818033
	num_layers: 6
	optimizer: nadam
	weight_decay: 0.0001
	weight_init: Xavier
2025-03-10 05:15:48 INFO About to run command: python train.py
2025-03-10 05:15:53 INFO Running runs: ['jkj4i0dk']
2025-03-10 05:34:08 INFO Cleaning up finished run: q2h5y9oc
2025-03-10 05:34:09 INFO Agent received command: run
2025-03-10 05:34:09 INFO Agent starting run with config:
	activation: ReLU
	batch_size: 32
	beta: 0.06374860800304837
	beta1: 0.9812425347885886
	beta2: 0.9987689075380324
	epochs: 15
	epsilon: 2.526513066763254e-06
	hidden_size: 128
	learning_rate: 0.00011677045987937266
	loss: mean_squared_error
	momentum: 0.8569189888610466
	num_layers: 6
	optimizer: nadam
	weight_decay: 0.0005
	weight_init: Xavier
2025-03-10 05:34:09 INFO About to run command: python train.py
2025-03-10 05:34:14 INFO Running runs: ['93fmf6fh']
2025-03-10 05:37:56 INFO Cleaning up finished run: jkj4i0dk
2025-03-10 05:37:57 INFO Agent received command: run
2025-03-10 05:37:57 INFO Agent starting run with config:
	activation: ReLU
	batch_size: 64
	beta: 0.053052729763631616
	beta1: 0.9805899249816764
	beta2: 0.9994154878505244
	epochs: 15
	epsilon: 8.460773237288396e-06
	hidden_size: 64
	learning_rate: 2.722198706563574e-05
	loss: mean_squared_error
	momentum: 0.935939261902449
	num_layers: 5
	optimizer: nadam
	weight_decay: 0.001
	weight_init: Xavier
2025-03-10 05:37:57 INFO About to run command: python train.py
2025-03-10 05:38:02 INFO Running runs: ['kn9jzynd']
2025-03-10 05:38:43 INFO Cleaning up finished run: a8oh44cp
2025-03-10 05:38:44 INFO Agent received command: run
2025-03-10 05:38:44 INFO Agent starting run with config:
	activation: ReLU
	batch_size: 16
	beta: 0.03629976154369056
	beta1: 0.9866556370523148
	beta2: 0.9963313825552146
	epochs: 10
	epsilon: 7.777760188761132e-06
	hidden_size: 128
	learning_rate: 2.693548944514078e-05
	loss: mean_squared_error
	momentum: 0.8441257347403253
	num_layers: 5
	optimizer: nadam
	weight_decay: 0
	weight_init: Xavier
2025-03-10 05:38:44 INFO About to run command: python train.py
2025-03-10 05:38:49 INFO Running runs: ['amle4ojd']
2025-03-10 05:39:47 INFO Cleaning up finished run: 8bep453a
2025-03-10 05:39:48 INFO Agent received command: run
2025-03-10 05:39:48 INFO Agent starting run with config:
	activation: ReLU
	batch_size: 32
	beta: 0.035997979510856905
	beta1: 0.9808504282880628
	beta2: 0.998168237674534
	epochs: 15
	epsilon: 4.7002470857558e-06
	hidden_size: 64
	learning_rate: 9.35458891148469e-05
	loss: mean_squared_error
	momentum: 0.9387212609457104
	num_layers: 5
	optimizer: nadam
	weight_decay: 0.0005
	weight_init: Xavier
2025-03-10 05:39:48 INFO About to run command: python train.py
2025-03-10 05:39:53 INFO Running runs: ['gxkrfijq']
2025-03-10 05:40:42 INFO Cleaning up finished run: z89w4sgl
2025-03-10 05:40:43 INFO Agent received command: run
2025-03-10 05:40:43 INFO Agent starting run with config:
	activation: tanh
	batch_size: 64
	beta: 0.020390523715604528
	beta1: 0.9803980933999612
	beta2: 0.9958027371724796
	epochs: 10
	epsilon: 8.14110928436036e-06
	hidden_size: 128
	learning_rate: 6.403874377405507e-05
	loss: mean_squared_error
	momentum: 0.9459365071163586
	num_layers: 6
	optimizer: adam
	weight_decay: 0
	weight_init: Xavier
2025-03-10 05:40:43 INFO About to run command: python train.py
2025-03-10 05:40:48 INFO Running runs: ['wmbx51hx']
2025-03-10 05:58:56 INFO Cleaning up finished run: kn9jzynd
2025-03-10 05:58:57 INFO Agent received command: run
2025-03-10 05:58:57 INFO Agent starting run with config:
	activation: ReLU
	batch_size: 64
	beta: 0.09011329470264326
	beta1: 0.9827094380202468
	beta2: 0.9981408022813184
	epochs: 10
	epsilon: 9.978340517543284e-06
	hidden_size: 128
	learning_rate: 1.0831630773668144e-05
	loss: mean_squared_error
	momentum: 0.9510292136062142
	num_layers: 4
	optimizer: adam
	weight_decay: 0.0001
	weight_init: Xavier
2025-03-10 05:58:57 INFO About to run command: python train.py
2025-03-10 05:59:02 INFO Running runs: ['zgn5h7mn']
2025-03-10 06:00:45 INFO Cleaning up finished run: gxkrfijq
2025-03-10 06:00:46 INFO Agent received command: run
2025-03-10 06:00:46 INFO Agent starting run with config:
	activation: ReLU
	batch_size: 64
	beta: 0.02635834487772818
	beta1: 0.9847316100089738
	beta2: 0.995360509472008
	epochs: 15
	epsilon: 3.8270173041544734e-06
	hidden_size: 128
	learning_rate: 2.0191381146952948e-05
	loss: mean_squared_error
	momentum: 0.8429008006236242
	num_layers: 6
	optimizer: adam
	weight_decay: 0
	weight_init: Xavier
2025-03-10 06:00:46 INFO About to run command: python train.py
2025-03-10 06:00:51 INFO Running runs: ['z49wgkkh']
2025-03-10 06:25:22 INFO Cleaning up finished run: amle4ojd
2025-03-10 06:25:23 INFO Agent received command: run
2025-03-10 06:25:23 INFO Agent starting run with config:
	activation: ReLU
	batch_size: 32
	beta: 0.047345065264886674
	beta1: 0.9827938773416708
	beta2: 0.9976265883526988
	epochs: 15
	epsilon: 4.988725337586542e-06
	hidden_size: 128
	learning_rate: 2.619479093242962e-05
	loss: mean_squared_error
	momentum: 0.8351977951679492
	num_layers: 3
	optimizer: nadam
	weight_decay: 0
	weight_init: Xavier
2025-03-10 06:25:23 INFO About to run command: python train.py
2025-03-10 06:25:28 INFO Running runs: ['dqi0o348']
2025-03-10 06:34:43 INFO Cleaning up finished run: wmbx51hx
2025-03-10 06:34:44 INFO Agent received command: run
2025-03-10 06:34:44 INFO Agent starting run with config:
	activation: ReLU
	batch_size: 64
	beta: 0.03527049543658464
	beta1: 0.9808080572439932
	beta2: 0.9954081332683256
	epochs: 15
	epsilon: 7.647589550110587e-06
	hidden_size: 32
	learning_rate: 9.414510892869424e-05
	loss: mean_squared_error
	momentum: 0.8752246077143351
	num_layers: 5
	optimizer: nadam
	weight_decay: 0.001
	weight_init: Xavier
2025-03-10 06:34:44 INFO About to run command: python train.py
2025-03-10 06:34:49 INFO Running runs: ['ux92rotp']
2025-03-10 06:36:35 INFO Cleaning up finished run: zgn5h7mn
2025-03-10 06:36:36 INFO Agent received command: run
2025-03-10 06:36:36 INFO Agent starting run with config:
	activation: tanh
	batch_size: 64
	beta: 0.0857083277818131
	beta1: 0.9818421689358332
	beta2: 0.9969994330158424
	epochs: 10
	epsilon: 8.210043284953666e-06
	hidden_size: 64
	learning_rate: 4.862758758683009e-05
	loss: mean_squared_error
	momentum: 0.9701704644693004
	num_layers: 5
	optimizer: nadam
	weight_decay: 0
	weight_init: Xavier
2025-03-10 06:36:36 INFO About to run command: python train.py
2025-03-10 06:36:41 INFO Running runs: ['vrm6x1n3']
2025-03-10 06:46:30 INFO Cleaning up finished run: ux92rotp
2025-03-10 06:46:31 INFO Agent received command: run
2025-03-10 06:46:31 INFO Agent starting run with config:
	activation: ReLU
	batch_size: 32
	beta: 0.020472310520879708
	beta1: 0.9826630039466816
	beta2: 0.999741390676607
	epochs: 15
	epsilon: 1.5630529162873828e-06
	hidden_size: 64
	learning_rate: 0.00033724595499661566
	loss: mean_squared_error
	momentum: 0.960342611664239
	num_layers: 6
	optimizer: adam
	weight_decay: 0
	weight_init: Xavier
2025-03-10 06:46:31 INFO About to run command: python train.py
2025-03-10 06:46:36 INFO Running runs: ['mfipgybl']
2025-03-10 06:48:28 INFO Cleaning up finished run: 93fmf6fh
2025-03-10 06:48:29 INFO Agent received command: run
2025-03-10 06:48:29 INFO Agent starting run with config:
	activation: ReLU
	batch_size: 64
	beta: 0.030698645824368133
	beta1: 0.9852716752382958
	beta2: 0.9972693425348282
	epochs: 15
	epsilon: 5.2202804588536126e-06
	hidden_size: 64
	learning_rate: 0.00013422452742299648
	loss: mean_squared_error
	momentum: 0.9844716168112532
	num_layers: 6
	optimizer: nadam
	weight_decay: 0.001
	weight_init: Xavier
2025-03-10 06:48:29 INFO About to run command: python train.py
2025-03-10 06:48:34 INFO Running runs: ['t9fp0bwu']
2025-03-10 06:52:16 INFO Cleaning up finished run: vrm6x1n3
2025-03-10 06:52:17 INFO Agent received command: run
2025-03-10 06:52:17 INFO Agent starting run with config:
	activation: ReLU
	batch_size: 64
	beta: 0.03147731977465424
	beta1: 0.9815629379319536
	beta2: 0.997462225215357
	epochs: 10
	epsilon: 7.268639238766859e-06
	hidden_size: 128
	learning_rate: 5.179916776691708e-05
	loss: mean_squared_error
	momentum: 0.975327224112838
	num_layers: 4
	optimizer: nadam
	weight_decay: 0
	weight_init: Xavier
2025-03-10 06:52:17 INFO About to run command: python train.py
2025-03-10 06:52:22 INFO Running runs: ['jeuehqqh']
2025-03-10 07:06:57 INFO Cleaning up finished run: mfipgybl
2025-03-10 07:06:58 INFO Agent received command: run
2025-03-10 07:06:58 INFO Agent starting run with config:
	activation: sigmoid
	batch_size: 16
	beta: 0.011933035630027093
	beta1: 0.9818703336763436
	beta2: 0.9977111867042868
	epochs: 15
	epsilon: 4.612482917028972e-06
	hidden_size: 64
	learning_rate: 0.0002951686265119087
	loss: mean_squared_error
	momentum: 0.8956819648547939
	num_layers: 5
	optimizer: nadam
	weight_decay: 0.0001
	weight_init: Xavier
2025-03-10 07:06:58 INFO About to run command: python train.py
2025-03-10 07:07:03 INFO Running runs: ['8ot0knrs']
2025-03-10 07:09:17 INFO Cleaning up finished run: t9fp0bwu
2025-03-10 07:09:17 INFO Agent received command: run
2025-03-10 07:09:17 INFO Agent starting run with config:
	activation: ReLU
	batch_size: 16
	beta: 0.014046967096128446
	beta1: 0.984595400585583
	beta2: 0.9971730546459991
	epochs: 10
	epsilon: 8.970010373572934e-06
	hidden_size: 64
	learning_rate: 0.00011081803071013342
	loss: mean_squared_error
	momentum: 0.9729577682129684
	num_layers: 3
	optimizer: adam
	weight_decay: 0.0001
	weight_init: Xavier
2025-03-10 07:09:17 INFO About to run command: python train.py
2025-03-10 07:09:22 INFO Running runs: ['12bedt1y']
2025-03-10 07:10:38 INFO Cleaning up finished run: dqi0o348
2025-03-10 07:10:39 INFO Agent received command: run
2025-03-10 07:10:39 INFO Agent starting run with config:
	activation: ReLU
	batch_size: 32
	beta: 0.05469526740037658
	beta1: 0.9803107212545744
	beta2: 0.9956317724423857
	epochs: 15
	epsilon: 1.773928922433444e-06
	hidden_size: 128
	learning_rate: 4.818800606251087e-05
	loss: mean_squared_error
	momentum: 0.9215926943176728
	num_layers: 6
	optimizer: nadam
	weight_decay: 0
	weight_init: Xavier
2025-03-10 07:10:39 INFO About to run command: python train.py
2025-03-10 07:10:44 INFO Running runs: ['pgxwsfgb']
2025-03-10 07:14:06 INFO Cleaning up finished run: z49wgkkh
2025-03-10 07:14:07 INFO Agent received command: run
2025-03-10 07:14:07 INFO Agent starting run with config:
	activation: ReLU
	batch_size: 32
	beta: 0.016516348387805885
	beta1: 0.981737063119684
	beta2: 0.9984371357274968
	epochs: 15
	epsilon: 4.0686560534803586e-06
	hidden_size: 128
	learning_rate: 2.66434317038548e-05
	loss: mean_squared_error
	momentum: 0.9197213886261854
	num_layers: 6
	optimizer: nadam
	weight_decay: 0.0001
	weight_init: Xavier
2025-03-10 07:14:07 INFO About to run command: python train.py
2025-03-10 07:14:12 INFO Running runs: ['3kwm0r2b']
2025-03-10 07:22:04 INFO Cleaning up finished run: 12bedt1y
2025-03-10 07:22:05 INFO Agent received command: run
2025-03-10 07:22:05 INFO Agent starting run with config:
	activation: ReLU
	batch_size: 64
	beta: 0.01389628354610469
	beta1: 0.9835286986204024
	beta2: 0.995442624936553
	epochs: 15
	epsilon: 7.956930687181403e-06
	hidden_size: 64
	learning_rate: 0.00011532929243468022
	loss: mean_squared_error
	momentum: 0.8404151491168312
	num_layers: 6
	optimizer: nadam
	weight_decay: 0.0001
	weight_init: Xavier
2025-03-10 07:22:05 INFO About to run command: python train.py
2025-03-10 07:22:10 INFO Running runs: ['7zs6482t']
2025-03-10 07:28:51 INFO Cleaning up finished run: 8ot0knrs
2025-03-10 07:28:52 INFO Agent received command: run
2025-03-10 07:28:52 INFO Agent starting run with config:
	activation: ReLU
	batch_size: 32
	beta: 0.02279107500482986
	beta1: 0.9859196714760564
	beta2: 0.9972623655851626
	epochs: 10
	epsilon: 6.871181502935947e-06
	hidden_size: 128
	learning_rate: 8.08167695277373e-05
	loss: mean_squared_error
	momentum: 0.8520273788900447
	num_layers: 4
	optimizer: adam
	weight_decay: 0
	weight_init: Xavier
2025-03-10 07:28:52 INFO About to run command: python train.py
2025-03-10 07:28:57 INFO Running runs: ['1be23aq9']
2025-03-10 07:29:02 INFO Cleaning up finished run: jeuehqqh
2025-03-10 07:29:02 INFO Agent received command: run
2025-03-10 07:29:02 INFO Agent starting run with config:
	activation: ReLU
	batch_size: 64
	beta: 0.04196385545094778
	beta1: 0.9851972926596578
	beta2: 0.9983378800596244
	epochs: 15
	epsilon: 8.224913535912627e-06
	hidden_size: 128
	learning_rate: 5.772926483750339e-05
	loss: mean_squared_error
	momentum: 0.9378057828145796
	num_layers: 6
	optimizer: rmsprop
	weight_decay: 0.0001
	weight_init: Xavier
2025-03-10 07:29:02 INFO About to run command: python train.py
2025-03-10 07:29:07 INFO Running runs: ['6tew7xis']
2025-03-10 07:43:35 INFO Cleaning up finished run: 7zs6482t
2025-03-10 07:43:36 INFO Agent received command: run
2025-03-10 07:43:36 INFO Agent starting run with config:
	activation: ReLU
	batch_size: 16
	beta: 0.04589134125879976
	beta1: 0.9817501806261468
	beta2: 0.9952633013104952
	epochs: 10
	epsilon: 8.574696579336792e-06
	hidden_size: 32
	learning_rate: 0.00023599310758409456
	loss: mean_squared_error
	momentum: 0.9081858521057236
	num_layers: 6
	optimizer: adam
	weight_decay: 0.0005
	weight_init: Xavier
2025-03-10 07:43:36 INFO About to run command: python train.py
2025-03-10 07:43:41 INFO Running runs: ['xqjf06fx']
2025-03-10 07:53:27 INFO Cleaning up finished run: xqjf06fx
2025-03-10 07:53:28 INFO Agent received command: run
2025-03-10 07:53:28 INFO Agent starting run with config:
	activation: ReLU
	batch_size: 32
	beta: 0.03448846165431836
	beta1: 0.9850500352342584
	beta2: 0.9960773637047262
	epochs: 15
	epsilon: 7.018804305945188e-06
	hidden_size: 128
	learning_rate: 9.523304128742396e-05
	loss: mean_squared_error
	momentum: 0.8367485079581208
	num_layers: 3
	optimizer: nadam
	weight_decay: 0
	weight_init: Xavier
2025-03-10 07:53:28 INFO About to run command: python train.py
2025-03-10 07:53:33 INFO Running runs: ['715jkpmx']
2025-03-10 08:06:11 INFO Cleaning up finished run: 1be23aq9
2025-03-10 08:06:12 INFO Agent received command: run
2025-03-10 08:06:12 INFO Agent starting run with config:
	activation: ReLU
	batch_size: 16
	beta: 0.04718469332138036
	beta1: 0.9811127340245585
	beta2: 0.99677919924962
	epochs: 15
	epsilon: 7.763004814880777e-06
	hidden_size: 32
	learning_rate: 5.8086446587068343e-05
	loss: mean_squared_error
	momentum: 0.8377293153632894
	num_layers: 3
	optimizer: nag
	weight_decay: 0.0001
	weight_init: Xavier
2025-03-10 08:06:12 INFO About to run command: python train.py
2025-03-10 08:06:17 INFO Running runs: ['hib0oj6i']
2025-03-10 08:17:54 INFO Cleaning up finished run: hib0oj6i
2025-03-10 08:17:55 INFO Agent received command: run
2025-03-10 08:17:55 INFO Agent starting run with config:
	activation: ReLU
	batch_size: 64
	beta: 0.085748651898229
	beta1: 0.9894027604162312
	beta2: 0.9950639277318046
	epochs: 15
	epsilon: 6.937349352957688e-06
	hidden_size: 32
	learning_rate: 1.7259592036303556e-05
	loss: mean_squared_error
	momentum: 0.9339785350513206
	num_layers: 6
	optimizer: adam
	weight_decay: 0
	weight_init: Xavier
2025-03-10 08:17:55 INFO About to run command: python train.py
2025-03-10 08:18:00 INFO Running runs: ['au4d2u1f']
2025-03-10 08:24:50 INFO Cleaning up finished run: pgxwsfgb
2025-03-10 08:24:51 INFO Agent received command: run
2025-03-10 08:24:51 INFO Agent starting run with config:
	activation: ReLU
	batch_size: 32
	beta: 0.045966726051173856
	beta1: 0.9848950398135412
	beta2: 0.996705323343997
	epochs: 10
	epsilon: 4.448759555906078e-06
	hidden_size: 128
	learning_rate: 0.000490391631236213
	loss: mean_squared_error
	momentum: 0.8119596694819334
	num_layers: 4
	optimizer: nadam
	weight_decay: 0
	weight_init: Xavier
2025-03-10 08:24:51 INFO About to run command: python train.py
2025-03-10 08:24:56 INFO Running runs: ['t0mcpmh7']
2025-03-10 08:27:26 INFO Cleaning up finished run: 3kwm0r2b
2025-03-10 08:27:27 INFO Agent received command: run
2025-03-10 08:27:27 INFO Agent starting run with config:
	activation: ReLU
	batch_size: 32
	beta: 0.03997603730248462
	beta1: 0.9843701666939316
	beta2: 0.9995699206213132
	epochs: 15
	epsilon: 7.855133901392075e-06
	hidden_size: 128
	learning_rate: 0.00038181959621502335
	loss: mean_squared_error
	momentum: 0.913276920980462
	num_layers: 6
	optimizer: nadam
	weight_decay: 0
	weight_init: Xavier
2025-03-10 08:27:27 INFO About to run command: python train.py
2025-03-10 08:27:32 INFO Running runs: ['nfrfp6dk']
2025-03-10 08:29:59 INFO Cleaning up finished run: au4d2u1f
2025-03-10 08:30:00 INFO Agent received command: run
2025-03-10 08:30:00 INFO Agent starting run with config:
	activation: ReLU
	batch_size: 32
	beta: 0.04063889951138351
	beta1: 0.9806788686434694
	beta2: 0.9958992218928469
	epochs: 10
	epsilon: 8.905344083694812e-06
	hidden_size: 64
	learning_rate: 8.873636470777804e-05
	loss: mean_squared_error
	momentum: 0.9238635117981416
	num_layers: 5
	optimizer: sgd
	weight_decay: 0
	weight_init: Xavier
2025-03-10 08:30:00 INFO About to run command: python train.py
2025-03-10 08:30:05 INFO Running runs: ['w9ue87bk']
2025-03-10 08:39:35 INFO Cleaning up finished run: 715jkpmx
2025-03-10 08:39:36 INFO Agent received command: run
2025-03-10 08:39:36 INFO Agent starting run with config:
	activation: ReLU
	batch_size: 64
	beta: 0.0809683165283831
	beta1: 0.9826022336607568
	beta2: 0.9954042505878912
	epochs: 10
	epsilon: 2.001865308284096e-06
	hidden_size: 128
	learning_rate: 2.2426001528334644e-05
	loss: mean_squared_error
	momentum: 0.9545550993574928
	num_layers: 6
	optimizer: rmsprop
	weight_decay: 0.0001
	weight_init: Xavier
2025-03-10 08:39:36 INFO About to run command: python train.py
2025-03-10 08:39:41 INFO Running runs: ['7imn0hac']
2025-03-10 08:40:59 INFO Cleaning up finished run: 6tew7xis
2025-03-10 08:41:00 INFO Agent received command: run
2025-03-10 08:41:00 INFO Agent starting run with config:
	activation: tanh
	batch_size: 16
	beta: 0.029762860774606152
	beta1: 0.9849869875468854
	beta2: 0.9963005899364364
	epochs: 15
	epsilon: 9.45411553281912e-06
	hidden_size: 128
	learning_rate: 1.3915719213531282e-05
	loss: mean_squared_error
	momentum: 0.929515410822168
	num_layers: 4
	optimizer: nadam
	weight_decay: 0.0001
	weight_init: Xavier
2025-03-10 08:41:00 INFO About to run command: python train.py
2025-03-10 08:41:05 INFO Running runs: ['516dytyf']
2025-03-10 08:51:24 INFO Cleaning up finished run: w9ue87bk
2025-03-10 08:51:25 INFO Agent received command: run
2025-03-10 08:51:25 INFO Agent starting run with config:
	activation: ReLU
	batch_size: 64
	beta: 0.04266370757936144
	beta1: 0.9804355933911206
	beta2: 0.9982449053380276
	epochs: 15
	epsilon: 2.731755849244329e-06
	hidden_size: 128
	learning_rate: 1.1530642371238245e-05
	loss: mean_squared_error
	momentum: 0.8582530750439837
	num_layers: 5
	optimizer: nadam
	weight_decay: 0
	weight_init: Xavier
2025-03-10 08:51:25 INFO About to run command: python train.py
2025-03-10 08:51:30 INFO Running runs: ['07tfhkud']
2025-03-10 09:02:07 INFO Cleaning up finished run: t0mcpmh7
2025-03-10 09:02:07 INFO Agent received command: exit
2025-03-10 09:02:07 INFO Received exit command. Killing runs and quitting.
2025-03-10 09:26:14 INFO Cleaning up finished run: 7imn0hac
2025-03-10 09:26:15 INFO Agent received command: exit
2025-03-10 09:26:15 INFO Received exit command. Killing runs and quitting.
2025-03-10 09:36:39 INFO Cleaning up finished run: nfrfp6dk
2025-03-10 09:36:40 INFO Agent received command: exit
2025-03-10 09:36:40 INFO Received exit command. Killing runs and quitting.
2025-03-10 09:37:39 INFO Cleaning up finished run: 516dytyf
2025-03-10 09:37:39 INFO Agent received command: exit
2025-03-10 09:37:39 INFO Received exit command. Killing runs and quitting.
2025-03-10 09:44:03 INFO Cleaning up finished run: 07tfhkud
2025-03-10 09:44:04 INFO Agent received command: exit
2025-03-10 09:44:04 INFO Received exit command. Killing runs and quitting.
